Analysis & Synthesis report for ASCIIConverter
Fri Jan 18 18:23:09 2019
Quartus II 32-bit Version 11.1 Build 259 01/25/2012 Service Pack 2 SJ Web Edition


---------------------
; Table of Contents ;
---------------------
  1. Legal Notice
  2. Analysis & Synthesis Summary
  3. Analysis & Synthesis Settings
  4. Parallel Compilation
  5. Analysis & Synthesis Source Files Read
  6. Analysis & Synthesis Resource Usage Summary
  7. Analysis & Synthesis Resource Utilization by Entity
  8. Analysis & Synthesis IP Cores Summary
  9. State Machine - |ASCIIConverter|MainFSM:inst|CurrentState
 10. Registers Removed During Synthesis
 11. General Register Statistics
 12. Multiplexer Restructuring Statistics (Restructuring Performed)
 13. Parameter Settings for User Entity Instance: out_cmp:out_cmp_imp|lpm_compare:LPM_COMPARE_component
 14. Parameter Settings for User Entity Instance: reg_out_mux:reg_out_mux_imp|LPM_MUX:LPM_MUX_component
 15. Parameter Settings for User Entity Instance: reg_in:reg_in_imp|lpm_shiftreg:LPM_SHIFTREG_component
 16. Parameter Settings for User Entity Instance: reg_mux_in:reg_mux_in_imp|LPM_MUX:LPM_MUX_component
 17. Parameter Settings for User Entity Instance: out_mux:out_mux_imp|LPM_MUX:LPM_MUX_component
 18. Parameter Settings for User Entity Instance: const84:const84_imp|lpm_constant:LPM_CONSTANT_component
 19. Parameter Settings for User Entity Instance: main_adder:main_adder_imp|lpm_add_sub:LPM_ADD_SUB_component
 20. Parameter Settings for User Entity Instance: add_in_mux:add_in_mux_imp|LPM_MUX:LPM_MUX_component
 21. Parameter Settings for User Entity Instance: const48:coinst48_imp|lpm_constant:LPM_CONSTANT_component
 22. Parameter Settings for User Entity Instance: const87:const87_imp|lpm_constant:LPM_CONSTANT_component
 23. lpm_shiftreg Parameter Settings by Entity Instance
 24. Elapsed Time Per Partition
 25. Analysis & Synthesis Messages



----------------
; Legal Notice ;
----------------
Copyright (C) 1991-2011 Altera Corporation
Your use of Altera Corporation's design tools, logic functions 
and other software and tools, and its AMPP partner logic 
functions, and any output files from any of the foregoing 
(including device programming or simulation files), and any 
associated documentation or information are expressly subject 
to the terms and conditions of the Altera Program License 
Subscription Agreement, Altera MegaCore Function License 
Agreement, or other applicable license agreement, including, 
without limitation, that your use is for the sole purpose of 
programming logic devices manufactured by Altera and sold by 
Altera or its authorized distributors.  Please refer to the 
applicable agreement for further details.



+------------------------------------------------------------------------------------+
; Analysis & Synthesis Summary                                                       ;
+------------------------------------+-----------------------------------------------+
; Analysis & Synthesis Status        ; Successful - Fri Jan 18 18:23:09 2019         ;
; Quartus II 32-bit Version          ; 11.1 Build 259 01/25/2012 SP 2 SJ Web Edition ;
; Revision Name                      ; ASCIIConverter                                ;
; Top-level Entity Name              ; ASCIIConverter                                ;
; Family                             ; Cyclone II                                    ;
; Total logic elements               ; 53                                            ;
;     Total combinational functions  ; 32                                            ;
;     Dedicated logic registers      ; 24                                            ;
; Total registers                    ; 24                                            ;
; Total pins                         ; 30                                            ;
; Total virtual pins                 ; 0                                             ;
; Total memory bits                  ; 0                                             ;
; Embedded Multiplier 9-bit elements ; 0                                             ;
; Total PLLs                         ; 0                                             ;
+------------------------------------+-----------------------------------------------+


+----------------------------------------------------------------------------------------------------------------------+
; Analysis & Synthesis Settings                                                                                        ;
+----------------------------------------------------------------------------+--------------------+--------------------+
; Option                                                                     ; Setting            ; Default Value      ;
+----------------------------------------------------------------------------+--------------------+--------------------+
; Device                                                                     ; EP2C35F672C6       ;                    ;
; Top-level entity name                                                      ; ASCIIConverter     ; ASCIIConverter     ;
; Family name                                                                ; Cyclone II         ; Cyclone IV GX      ;
; Use smart compilation                                                      ; Off                ; Off                ;
; Enable parallel Assembler and TimeQuest Timing Analyzer during compilation ; On                 ; On                 ;
; Enable compact report table                                                ; Off                ; Off                ;
; Restructure Multiplexers                                                   ; Auto               ; Auto               ;
; Create Debugging Nodes for IP Cores                                        ; Off                ; Off                ;
; Preserve fewer node names                                                  ; On                 ; On                 ;
; Disable OpenCore Plus hardware evaluation                                  ; Off                ; Off                ;
; Verilog Version                                                            ; Verilog_2001       ; Verilog_2001       ;
; VHDL Version                                                               ; VHDL_1993          ; VHDL_1993          ;
; State Machine Processing                                                   ; Auto               ; Auto               ;
; Safe State Machine                                                         ; Off                ; Off                ;
; Extract Verilog State Machines                                             ; On                 ; On                 ;
; Extract VHDL State Machines                                                ; On                 ; On                 ;
; Ignore Verilog initial constructs                                          ; Off                ; Off                ;
; Iteration limit for constant Verilog loops                                 ; 5000               ; 5000               ;
; Iteration limit for non-constant Verilog loops                             ; 250                ; 250                ;
; Add Pass-Through Logic to Inferred RAMs                                    ; On                 ; On                 ;
; Infer RAMs from Raw Logic                                                  ; On                 ; On                 ;
; Parallel Synthesis                                                         ; On                 ; On                 ;
; DSP Block Balancing                                                        ; Auto               ; Auto               ;
; NOT Gate Push-Back                                                         ; On                 ; On                 ;
; Power-Up Don't Care                                                        ; On                 ; On                 ;
; Remove Redundant Logic Cells                                               ; Off                ; Off                ;
; Remove Duplicate Registers                                                 ; On                 ; On                 ;
; Ignore CARRY Buffers                                                       ; Off                ; Off                ;
; Ignore CASCADE Buffers                                                     ; Off                ; Off                ;
; Ignore GLOBAL Buffers                                                      ; Off                ; Off                ;
; Ignore ROW GLOBAL Buffers                                                  ; Off                ; Off                ;
; Ignore LCELL Buffers                                                       ; Off                ; Off                ;
; Ignore SOFT Buffers                                                        ; On                 ; On                 ;
; Limit AHDL Integers to 32 Bits                                             ; Off                ; Off                ;
; Optimization Technique                                                     ; Balanced           ; Balanced           ;
; Carry Chain Length                                                         ; 70                 ; 70                 ;
; Auto Carry Chains                                                          ; On                 ; On                 ;
; Auto Open-Drain Pins                                                       ; On                 ; On                 ;
; Perform WYSIWYG Primitive Resynthesis                                      ; Off                ; Off                ;
; Auto ROM Replacement                                                       ; On                 ; On                 ;
; Auto RAM Replacement                                                       ; On                 ; On                 ;
; Auto Shift Register Replacement                                            ; Auto               ; Auto               ;
; Allow Shift Register Merging across Hierarchies                            ; Auto               ; Auto               ;
; Auto Clock Enable Replacement                                              ; On                 ; On                 ;
; Strict RAM Replacement                                                     ; Off                ; Off                ;
; Allow Synchronous Control Signals                                          ; On                 ; On                 ;
; Force Use of Synchronous Clear Signals                                     ; Off                ; Off                ;
; Auto RAM to Logic Cell Conversion                                          ; Off                ; Off                ;
; Auto Resource Sharing                                                      ; Off                ; Off                ;
; Allow Any RAM Size For Recognition                                         ; Off                ; Off                ;
; Allow Any ROM Size For Recognition                                         ; Off                ; Off                ;
; Allow Any Shift Register Size For Recognition                              ; Off                ; Off                ;
; Use LogicLock Constraints during Resource Balancing                        ; On                 ; On                 ;
; Ignore translate_off and synthesis_off directives                          ; Off                ; Off                ;
; Timing-Driven Synthesis                                                    ; Off                ; Off                ;
; Report Parameter Settings                                                  ; On                 ; On                 ;
; Report Source Assignments                                                  ; On                 ; On                 ;
; Report Connectivity Checks                                                 ; On                 ; On                 ;
; Ignore Maximum Fan-Out Assignments                                         ; Off                ; Off                ;
; Synchronization Register Chain Length                                      ; 2                  ; 2                  ;
; PowerPlay Power Optimization                                               ; Normal compilation ; Normal compilation ;
; HDL message level                                                          ; Level2             ; Level2             ;
; Suppress Register Optimization Related Messages                            ; Off                ; Off                ;
; Number of Removed Registers Reported in Synthesis Report                   ; 5000               ; 5000               ;
; Number of Inverted Registers Reported in Synthesis Report                  ; 100                ; 100                ;
; Clock MUX Protection                                                       ; On                 ; On                 ;
; Auto Gated Clock Conversion                                                ; Off                ; Off                ;
; Block Design Naming                                                        ; Auto               ; Auto               ;
; SDC constraint protection                                                  ; Off                ; Off                ;
; Synthesis Effort                                                           ; Auto               ; Auto               ;
; Shift Register Replacement - Allow Asynchronous Clear Signal               ; On                 ; On                 ;
; Analysis & Synthesis Message Level                                         ; Medium             ; Medium             ;
; Disable Register Merging Across Hierarchies                                ; Auto               ; Auto               ;
; Resource Aware Inference For Block RAM                                     ; On                 ; On                 ;
; Synthesis Seed                                                             ; 1                  ; 1                  ;
+----------------------------------------------------------------------------+--------------------+--------------------+


Parallel compilation was disabled, but you have multiple processors available. Enable parallel compilation to reduce compilation time.
+-------------------------------------+
; Parallel Compilation                ;
+----------------------------+--------+
; Processors                 ; Number ;
+----------------------------+--------+
; Number detected on machine ; 4      ;
; Maximum allowed            ; 1      ;
+----------------------------+--------+


+--------------------------------------------------------------------------------------------------------------------------------------------------------------------------------------+
; Analysis & Synthesis Source Files Read                                                                                                                                               ;
+----------------------------------+-----------------+------------------------------------+--------------------------------------------------------------------------------------------+
; File Name with User-Entered Path ; Used in Netlist ; File Type                          ; File Name with Absolute Path                                                               ;
+----------------------------------+-----------------+------------------------------------+--------------------------------------------------------------------------------------------+
; components/const87.vhd           ; yes             ; User Wizard-Generated File         ; C:/Users/Edoardo Bollea/Desktop/Vaudagna/ASCIIConverter_quartus/components/const87.vhd     ;
; components/reg_out_mux.vhd       ; yes             ; User Wizard-Generated File         ; C:/Users/Edoardo Bollea/Desktop/Vaudagna/ASCIIConverter_quartus/components/reg_out_mux.vhd ;
; components/reg_mux_in.vhd        ; yes             ; User Wizard-Generated File         ; C:/Users/Edoardo Bollea/Desktop/Vaudagna/ASCIIConverter_quartus/components/reg_mux_in.vhd  ;
; components/reg_in.vhd            ; yes             ; User Wizard-Generated File         ; C:/Users/Edoardo Bollea/Desktop/Vaudagna/ASCIIConverter_quartus/components/reg_in.vhd      ;
; components/out_mux.vhd           ; yes             ; User Wizard-Generated File         ; C:/Users/Edoardo Bollea/Desktop/Vaudagna/ASCIIConverter_quartus/components/out_mux.vhd     ;
; components/out_cmp.vhd           ; yes             ; User Wizard-Generated File         ; C:/Users/Edoardo Bollea/Desktop/Vaudagna/ASCIIConverter_quartus/components/out_cmp.vhd     ;
; components/main_adder.vhd        ; yes             ; User Wizard-Generated File         ; C:/Users/Edoardo Bollea/Desktop/Vaudagna/ASCIIConverter_quartus/components/main_adder.vhd  ;
; components/const84.vhd           ; yes             ; User Wizard-Generated File         ; C:/Users/Edoardo Bollea/Desktop/Vaudagna/ASCIIConverter_quartus/components/const84.vhd     ;
; components/const48.vhd           ; yes             ; User Wizard-Generated File         ; C:/Users/Edoardo Bollea/Desktop/Vaudagna/ASCIIConverter_quartus/components/const48.vhd     ;
; components/add_in_mux.vhd        ; yes             ; User Wizard-Generated File         ; C:/Users/Edoardo Bollea/Desktop/Vaudagna/ASCIIConverter_quartus/components/add_in_mux.vhd  ;
; ASCIIConverter.bdf               ; yes             ; User Block Diagram/Schematic File  ; C:/Users/Edoardo Bollea/Desktop/Vaudagna/ASCIIConverter_quartus/ASCIIConverter.bdf         ;
; fsm.vhd                          ; yes             ; User VHDL File                     ; C:/Users/Edoardo Bollea/Desktop/Vaudagna/ASCIIConverter_quartus/fsm.vhd                    ;
; lpm_compare.tdf                  ; yes             ; Megafunction                       ; c:/altera/11.1sp2/quartus/libraries/megafunctions/lpm_compare.tdf                          ;
; comptree.inc                     ; yes             ; Megafunction                       ; c:/altera/11.1sp2/quartus/libraries/megafunctions/comptree.inc                             ;
; altshift.inc                     ; yes             ; Megafunction                       ; c:/altera/11.1sp2/quartus/libraries/megafunctions/altshift.inc                             ;
; aglobal111.inc                   ; yes             ; Megafunction                       ; c:/altera/11.1sp2/quartus/libraries/megafunctions/aglobal111.inc                           ;
; db/cmpr_m7j.tdf                  ; yes             ; Auto-Generated Megafunction        ; C:/Users/Edoardo Bollea/Desktop/Vaudagna/ASCIIConverter_quartus/db/cmpr_m7j.tdf            ;
; lpm_mux.tdf                      ; yes             ; Megafunction                       ; c:/altera/11.1sp2/quartus/libraries/megafunctions/lpm_mux.tdf                              ;
; muxlut.inc                       ; yes             ; Megafunction                       ; c:/altera/11.1sp2/quartus/libraries/megafunctions/muxlut.inc                               ;
; bypassff.inc                     ; yes             ; Megafunction                       ; c:/altera/11.1sp2/quartus/libraries/megafunctions/bypassff.inc                             ;
; db/mux_63e.tdf                   ; yes             ; Auto-Generated Megafunction        ; C:/Users/Edoardo Bollea/Desktop/Vaudagna/ASCIIConverter_quartus/db/mux_63e.tdf             ;
; lpm_shiftreg.tdf                 ; yes             ; Megafunction                       ; c:/altera/11.1sp2/quartus/libraries/megafunctions/lpm_shiftreg.tdf                         ;
; lpm_constant.inc                 ; yes             ; Megafunction                       ; c:/altera/11.1sp2/quartus/libraries/megafunctions/lpm_constant.inc                         ;
; dffeea.inc                       ; yes             ; Megafunction                       ; c:/altera/11.1sp2/quartus/libraries/megafunctions/dffeea.inc                               ;
; db/mux_m4e.tdf                   ; yes             ; Auto-Generated Megafunction        ; C:/Users/Edoardo Bollea/Desktop/Vaudagna/ASCIIConverter_quartus/db/mux_m4e.tdf             ;
; db/mux_73e.tdf                   ; yes             ; Auto-Generated Megafunction        ; C:/Users/Edoardo Bollea/Desktop/Vaudagna/ASCIIConverter_quartus/db/mux_73e.tdf             ;
; lpm_constant.tdf                 ; yes             ; Megafunction                       ; c:/altera/11.1sp2/quartus/libraries/megafunctions/lpm_constant.tdf                         ;
; lpm_add_sub.tdf                  ; yes             ; Megafunction                       ; c:/altera/11.1sp2/quartus/libraries/megafunctions/lpm_add_sub.tdf                          ;
; addcore.inc                      ; yes             ; Megafunction                       ; c:/altera/11.1sp2/quartus/libraries/megafunctions/addcore.inc                              ;
; look_add.inc                     ; yes             ; Megafunction                       ; c:/altera/11.1sp2/quartus/libraries/megafunctions/look_add.inc                             ;
; alt_stratix_add_sub.inc          ; yes             ; Megafunction                       ; c:/altera/11.1sp2/quartus/libraries/megafunctions/alt_stratix_add_sub.inc                  ;
; db/add_sub_ckh.tdf               ; yes             ; Auto-Generated Megafunction        ; C:/Users/Edoardo Bollea/Desktop/Vaudagna/ASCIIConverter_quartus/db/add_sub_ckh.tdf         ;
+----------------------------------+-----------------+------------------------------------+--------------------------------------------------------------------------------------------+


+-----------------------------------------------------+
; Analysis & Synthesis Resource Usage Summary         ;
+---------------------------------------------+-------+
; Resource                                    ; Usage ;
+---------------------------------------------+-------+
; Estimated Total logic elements              ; 53    ;
;                                             ;       ;
; Total combinational functions               ; 32    ;
; Logic element usage by number of LUT inputs ;       ;
;     -- 4 input functions                    ; 18    ;
;     -- 3 input functions                    ; 7     ;
;     -- <=2 input functions                  ; 7     ;
;                                             ;       ;
; Logic elements by mode                      ;       ;
;     -- normal mode                          ; 25    ;
;     -- arithmetic mode                      ; 7     ;
;                                             ;       ;
; Total registers                             ; 24    ;
;     -- Dedicated logic registers            ; 24    ;
;     -- I/O registers                        ; 0     ;
;                                             ;       ;
; I/O pins                                    ; 30    ;
; Maximum fan-out node                        ; CLK   ;
; Maximum fan-out                             ; 24    ;
; Total fan-out                               ; 189   ;
; Average fan-out                             ; 2.20  ;
+---------------------------------------------+-------+


+---------------------------------------------------------------------------------------------------------------------------------------------------------------------------------------------------------------------------------------------------------------------------------+
; Analysis & Synthesis Resource Utilization by Entity                                                                                                                                                                                                                             ;
+---------------------------------------------+-------------------+--------------+-------------+--------------+---------+-----------+------+--------------+--------------------------------------------------------------------------------------------------------+--------------+
; Compilation Hierarchy Node                  ; LC Combinationals ; LC Registers ; Memory Bits ; DSP Elements ; DSP 9x9 ; DSP 18x18 ; Pins ; Virtual Pins ; Full Hierarchy Name                                                                                    ; Library Name ;
+---------------------------------------------+-------------------+--------------+-------------+--------------+---------+-----------+------+--------------+--------------------------------------------------------------------------------------------------------+--------------+
; |ASCIIConverter                             ; 32 (0)            ; 24 (0)       ; 0           ; 0            ; 0       ; 0         ; 30   ; 0            ; |ASCIIConverter                                                                                        ;              ;
;    |MainFSM:inst|                           ; 6 (6)             ; 8 (8)        ; 0           ; 0            ; 0       ; 0         ; 0    ; 0            ; |ASCIIConverter|MainFSM:inst                                                                           ;              ;
;    |main_adder:main_adder_imp|              ; 16 (0)            ; 0 (0)        ; 0           ; 0            ; 0       ; 0         ; 0    ; 0            ; |ASCIIConverter|main_adder:main_adder_imp                                                              ;              ;
;       |lpm_add_sub:LPM_ADD_SUB_component|   ; 16 (0)            ; 0 (0)        ; 0           ; 0            ; 0       ; 0         ; 0    ; 0            ; |ASCIIConverter|main_adder:main_adder_imp|lpm_add_sub:LPM_ADD_SUB_component                            ;              ;
;          |add_sub_ckh:auto_generated|       ; 16 (16)           ; 0 (0)        ; 0           ; 0            ; 0       ; 0         ; 0    ; 0            ; |ASCIIConverter|main_adder:main_adder_imp|lpm_add_sub:LPM_ADD_SUB_component|add_sub_ckh:auto_generated ;              ;
;    |out_cmp:out_cmp_imp|                    ; 2 (0)             ; 0 (0)        ; 0           ; 0            ; 0       ; 0         ; 0    ; 0            ; |ASCIIConverter|out_cmp:out_cmp_imp                                                                    ;              ;
;       |lpm_compare:LPM_COMPARE_component|   ; 2 (0)             ; 0 (0)        ; 0           ; 0            ; 0       ; 0         ; 0    ; 0            ; |ASCIIConverter|out_cmp:out_cmp_imp|lpm_compare:LPM_COMPARE_component                                  ;              ;
;          |cmpr_m7j:auto_generated|          ; 2 (2)             ; 0 (0)        ; 0           ; 0            ; 0       ; 0         ; 0    ; 0            ; |ASCIIConverter|out_cmp:out_cmp_imp|lpm_compare:LPM_COMPARE_component|cmpr_m7j:auto_generated          ;              ;
;    |reg_in:reg_in_imp|                      ; 0 (0)             ; 16 (0)       ; 0           ; 0            ; 0       ; 0         ; 0    ; 0            ; |ASCIIConverter|reg_in:reg_in_imp                                                                      ;              ;
;       |lpm_shiftreg:LPM_SHIFTREG_component| ; 0 (0)             ; 16 (16)      ; 0           ; 0            ; 0       ; 0         ; 0    ; 0            ; |ASCIIConverter|reg_in:reg_in_imp|lpm_shiftreg:LPM_SHIFTREG_component                                  ;              ;
;    |reg_out_mux:reg_out_mux_imp|            ; 8 (0)             ; 0 (0)        ; 0           ; 0            ; 0       ; 0         ; 0    ; 0            ; |ASCIIConverter|reg_out_mux:reg_out_mux_imp                                                            ;              ;
;       |lpm_mux:LPM_MUX_component|           ; 8 (0)             ; 0 (0)        ; 0           ; 0            ; 0       ; 0         ; 0    ; 0            ; |ASCIIConverter|reg_out_mux:reg_out_mux_imp|lpm_mux:LPM_MUX_component                                  ;              ;
;          |mux_63e:auto_generated|           ; 8 (8)             ; 0 (0)        ; 0           ; 0            ; 0       ; 0         ; 0    ; 0            ; |ASCIIConverter|reg_out_mux:reg_out_mux_imp|lpm_mux:LPM_MUX_component|mux_63e:auto_generated           ;              ;
+---------------------------------------------+-------------------+--------------+-------------+--------------+---------+-----------+------+--------------+--------------------------------------------------------------------------------------------------------+--------------+
Note: For table entries with two numbers listed, the numbers in parentheses indicate the number of resources of the given type used by the specific entity alone. The numbers listed outside of parentheses indicate the total resources of the given type used by the specific entity and all of its sub-entities in the hierarchy.


+----------------------------------------------------------------------------------------------------------------------------------------------------------------------------------------------------------+
; Analysis & Synthesis IP Cores Summary                                                                                                                                                                    ;
+--------+--------------+---------+--------------+--------------+---------------------------------------------+--------------------------------------------------------------------------------------------+
; Vendor ; IP Core Name ; Version ; Release Date ; License Type ; Entity Instance                             ; IP Include File                                                                            ;
+--------+--------------+---------+--------------+--------------+---------------------------------------------+--------------------------------------------------------------------------------------------+
; Altera ; LPM_MUX      ; N/A     ; N/A          ; N/A          ; |ASCIIConverter|add_in_mux:add_in_mux_imp   ; C:/Users/Edoardo Bollea/Desktop/Vaudagna/ASCIIConverter_quartus/components/add_in_mux.vhd  ;
; Altera ; LPM_CONSTANT ; N/A     ; N/A          ; N/A          ; |ASCIIConverter|const48:coinst48_imp        ; C:/Users/Edoardo Bollea/Desktop/Vaudagna/ASCIIConverter_quartus/components/const48.vhd     ;
; Altera ; LPM_CONSTANT ; N/A     ; N/A          ; N/A          ; |ASCIIConverter|const84:const84_imp         ; C:/Users/Edoardo Bollea/Desktop/Vaudagna/ASCIIConverter_quartus/components/const84.vhd     ;
; Altera ; LPM_CONSTANT ; N/A     ; N/A          ; N/A          ; |ASCIIConverter|const87:const87_imp         ; C:/Users/Edoardo Bollea/Desktop/Vaudagna/ASCIIConverter_quartus/components/const87.vhd     ;
; Altera ; LPM_ADD_SUB  ; N/A     ; N/A          ; N/A          ; |ASCIIConverter|main_adder:main_adder_imp   ; C:/Users/Edoardo Bollea/Desktop/Vaudagna/ASCIIConverter_quartus/components/main_adder.vhd  ;
; Altera ; LPM_COMPARE  ; N/A     ; N/A          ; N/A          ; |ASCIIConverter|out_cmp:out_cmp_imp         ; C:/Users/Edoardo Bollea/Desktop/Vaudagna/ASCIIConverter_quartus/components/out_cmp.vhd     ;
; Altera ; LPM_MUX      ; N/A     ; N/A          ; N/A          ; |ASCIIConverter|out_mux:out_mux_imp         ; C:/Users/Edoardo Bollea/Desktop/Vaudagna/ASCIIConverter_quartus/components/out_mux.vhd     ;
; Altera ; LPM_SHIFTREG ; N/A     ; N/A          ; N/A          ; |ASCIIConverter|reg_in:reg_in_imp           ; C:/Users/Edoardo Bollea/Desktop/Vaudagna/ASCIIConverter_quartus/components/reg_in.vhd      ;
; Altera ; LPM_MUX      ; N/A     ; N/A          ; N/A          ; |ASCIIConverter|reg_mux_in:reg_mux_in_imp   ; C:/Users/Edoardo Bollea/Desktop/Vaudagna/ASCIIConverter_quartus/components/reg_mux_in.vhd  ;
; Altera ; LPM_MUX      ; N/A     ; N/A          ; N/A          ; |ASCIIConverter|reg_out_mux:reg_out_mux_imp ; C:/Users/Edoardo Bollea/Desktop/Vaudagna/ASCIIConverter_quartus/components/reg_out_mux.vhd ;
+--------+--------------+---------+--------------+--------------+---------------------------------------------+--------------------------------------------------------------------------------------------+


Encoding Type:  One-Hot
+-------------------------------------------------------------------------------------------------------------------------------------------------------------------------------------------------------------------------------------+
; State Machine - |ASCIIConverter|MainFSM:inst|CurrentState                                                                                                                                                                           ;
+--------------------------+-------------------+--------------------------+------------------------+--------------------+--------------------+--------------------+--------------------+--------------------+-------------------------+
; Name                     ; CurrentState.Idle ; CurrentState.WaitForData ; CurrentState.DoneState ; CurrentState.SendD ; CurrentState.SendC ; CurrentState.SendB ; CurrentState.SendA ; CurrentState.SendT ; CurrentState.ResetState ;
+--------------------------+-------------------+--------------------------+------------------------+--------------------+--------------------+--------------------+--------------------+--------------------+-------------------------+
; CurrentState.ResetState  ; 0                 ; 0                        ; 0                      ; 0                  ; 0                  ; 0                  ; 0                  ; 0                  ; 0                       ;
; CurrentState.SendT       ; 0                 ; 0                        ; 0                      ; 0                  ; 0                  ; 0                  ; 0                  ; 1                  ; 1                       ;
; CurrentState.SendA       ; 0                 ; 0                        ; 0                      ; 0                  ; 0                  ; 0                  ; 1                  ; 0                  ; 1                       ;
; CurrentState.SendB       ; 0                 ; 0                        ; 0                      ; 0                  ; 0                  ; 1                  ; 0                  ; 0                  ; 1                       ;
; CurrentState.SendC       ; 0                 ; 0                        ; 0                      ; 0                  ; 1                  ; 0                  ; 0                  ; 0                  ; 1                       ;
; CurrentState.SendD       ; 0                 ; 0                        ; 0                      ; 1                  ; 0                  ; 0                  ; 0                  ; 0                  ; 1                       ;
; CurrentState.DoneState   ; 0                 ; 0                        ; 1                      ; 0                  ; 0                  ; 0                  ; 0                  ; 0                  ; 1                       ;
; CurrentState.WaitForData ; 0                 ; 1                        ; 0                      ; 0                  ; 0                  ; 0                  ; 0                  ; 0                  ; 1                       ;
; CurrentState.Idle        ; 1                 ; 0                        ; 0                      ; 0                  ; 0                  ; 0                  ; 0                  ; 0                  ; 1                       ;
+--------------------------+-------------------+--------------------------+------------------------+--------------------+--------------------+--------------------+--------------------+--------------------+-------------------------+


+--------------------------------------------------------------------------------+
; Registers Removed During Synthesis                                             ;
+---------------------------------------+----------------------------------------+
; Register name                         ; Reason for Removal                     ;
+---------------------------------------+----------------------------------------+
; MainFSM:inst|CurrentState.Idle        ; Stuck at GND due to stuck port data_in ;
; Total Number of Removed Registers = 1 ;                                        ;
+---------------------------------------+----------------------------------------+


+------------------------------------------------------+
; General Register Statistics                          ;
+----------------------------------------------+-------+
; Statistic                                    ; Value ;
+----------------------------------------------+-------+
; Total registers                              ; 24    ;
; Number of registers using Synchronous Clear  ; 0     ;
; Number of registers using Synchronous Load   ; 0     ;
; Number of registers using Asynchronous Clear ; 8     ;
; Number of registers using Asynchronous Load  ; 0     ;
; Number of registers using Clock Enable       ; 20    ;
; Number of registers using Preset             ; 0     ;
+----------------------------------------------+-------+


+-------------------------------------------------------------------------------------------------------------------------------------------------------------------------------------------------------+
; Multiplexer Restructuring Statistics (Restructuring Performed)                                                                                                                                        ;
+--------------------+-----------+---------------+----------------------+------------------------+-------------------------------------------------------------------------+----------------------------+
; Multiplexer Inputs ; Bus Width ; Baseline Area ; Area if Restructured ; Saving if Restructured ; Registered                                                              ; Example Multiplexer Output ;
+--------------------+-----------+---------------+----------------------+------------------------+-------------------------------------------------------------------------+----------------------------+
; 3:1                ; 15 bits   ; 30 LEs        ; 30 LEs               ; 0 LEs                  ; |ASCIIConverter|reg_in:reg_in_imp|lpm_shiftreg:LPM_SHIFTREG_component|_ ;                            ;
+--------------------+-----------+---------------+----------------------+------------------------+-------------------------------------------------------------------------+----------------------------+


+----------------------------------------------------------------------------------------------------+
; Parameter Settings for User Entity Instance: out_cmp:out_cmp_imp|lpm_compare:LPM_COMPARE_component ;
+------------------------+------------+--------------------------------------------------------------+
; Parameter Name         ; Value      ; Type                                                         ;
+------------------------+------------+--------------------------------------------------------------+
; lpm_width              ; 8          ; Signed Integer                                               ;
; LPM_REPRESENTATION     ; UNSIGNED   ; Untyped                                                      ;
; LPM_PIPELINE           ; 0          ; Untyped                                                      ;
; CHAIN_SIZE             ; 8          ; Untyped                                                      ;
; ONE_INPUT_IS_CONSTANT  ; YES        ; Untyped                                                      ;
; CARRY_CHAIN            ; MANUAL     ; Untyped                                                      ;
; CASCADE_CHAIN          ; MANUAL     ; Untyped                                                      ;
; CARRY_CHAIN_LENGTH     ; 48         ; CARRY_CHAIN_LENGTH                                           ;
; CASCADE_CHAIN_LENGTH   ; 2          ; CASCADE_CHAIN_LENGTH                                         ;
; DEVICE_FAMILY          ; Cyclone II ; Untyped                                                      ;
; CBXI_PARAMETER         ; cmpr_m7j   ; Untyped                                                      ;
; AUTO_CARRY_CHAINS      ; ON         ; AUTO_CARRY                                                   ;
; IGNORE_CARRY_BUFFERS   ; OFF        ; IGNORE_CARRY                                                 ;
; AUTO_CASCADE_CHAINS    ; ON         ; AUTO_CASCADE                                                 ;
; IGNORE_CASCADE_BUFFERS ; OFF        ; IGNORE_CASCADE                                               ;
+------------------------+------------+--------------------------------------------------------------+
Note: In order to hide this table in the UI and the text report file, please set the "Show Parameter Settings in Synthesis Report" option in "Analysis and Synthesis Settings -> More Settings" to "Off".


+----------------------------------------------------------------------------------------------------+
; Parameter Settings for User Entity Instance: reg_out_mux:reg_out_mux_imp|LPM_MUX:LPM_MUX_component ;
+------------------------+------------+--------------------------------------------------------------+
; Parameter Name         ; Value      ; Type                                                         ;
+------------------------+------------+--------------------------------------------------------------+
; AUTO_CARRY_CHAINS      ; ON         ; AUTO_CARRY                                                   ;
; IGNORE_CARRY_BUFFERS   ; OFF        ; IGNORE_CARRY                                                 ;
; AUTO_CASCADE_CHAINS    ; ON         ; AUTO_CASCADE                                                 ;
; IGNORE_CASCADE_BUFFERS ; OFF        ; IGNORE_CASCADE                                               ;
; LPM_WIDTH              ; 4          ; Signed Integer                                               ;
; LPM_SIZE               ; 4          ; Signed Integer                                               ;
; LPM_WIDTHS             ; 2          ; Signed Integer                                               ;
; LPM_PIPELINE           ; 0          ; Signed Integer                                               ;
; CBXI_PARAMETER         ; mux_63e    ; Untyped                                                      ;
; DEVICE_FAMILY          ; Cyclone II ; Untyped                                                      ;
+------------------------+------------+--------------------------------------------------------------+
Note: In order to hide this table in the UI and the text report file, please set the "Show Parameter Settings in Synthesis Report" option in "Analysis and Synthesis Settings -> More Settings" to "Off".


+----------------------------------------------------------------------------------------------------+
; Parameter Settings for User Entity Instance: reg_in:reg_in_imp|lpm_shiftreg:LPM_SHIFTREG_component ;
+------------------------+------------+--------------------------------------------------------------+
; Parameter Name         ; Value      ; Type                                                         ;
+------------------------+------------+--------------------------------------------------------------+
; LPM_WIDTH              ; 16         ; Signed Integer                                               ;
; LPM_DIRECTION          ; LEFT       ; Untyped                                                      ;
; LPM_AVALUE             ; UNUSED     ; Untyped                                                      ;
; LPM_SVALUE             ; UNUSED     ; Untyped                                                      ;
; DEVICE_FAMILY          ; Cyclone II ; Untyped                                                      ;
; AUTO_CARRY_CHAINS      ; ON         ; AUTO_CARRY                                                   ;
; IGNORE_CARRY_BUFFERS   ; OFF        ; IGNORE_CARRY                                                 ;
; AUTO_CASCADE_CHAINS    ; ON         ; AUTO_CASCADE                                                 ;
; IGNORE_CASCADE_BUFFERS ; OFF        ; IGNORE_CASCADE                                               ;
+------------------------+------------+--------------------------------------------------------------+
Note: In order to hide this table in the UI and the text report file, please set the "Show Parameter Settings in Synthesis Report" option in "Analysis and Synthesis Settings -> More Settings" to "Off".


+--------------------------------------------------------------------------------------------------+
; Parameter Settings for User Entity Instance: reg_mux_in:reg_mux_in_imp|LPM_MUX:LPM_MUX_component ;
+------------------------+------------+------------------------------------------------------------+
; Parameter Name         ; Value      ; Type                                                       ;
+------------------------+------------+------------------------------------------------------------+
; AUTO_CARRY_CHAINS      ; ON         ; AUTO_CARRY                                                 ;
; IGNORE_CARRY_BUFFERS   ; OFF        ; IGNORE_CARRY                                               ;
; AUTO_CASCADE_CHAINS    ; ON         ; AUTO_CASCADE                                               ;
; IGNORE_CASCADE_BUFFERS ; OFF        ; IGNORE_CASCADE                                             ;
; LPM_WIDTH              ; 16         ; Signed Integer                                             ;
; LPM_SIZE               ; 2          ; Signed Integer                                             ;
; LPM_WIDTHS             ; 1          ; Signed Integer                                             ;
; LPM_PIPELINE           ; 0          ; Signed Integer                                             ;
; CBXI_PARAMETER         ; mux_m4e    ; Untyped                                                    ;
; DEVICE_FAMILY          ; Cyclone II ; Untyped                                                    ;
+------------------------+------------+------------------------------------------------------------+
Note: In order to hide this table in the UI and the text report file, please set the "Show Parameter Settings in Synthesis Report" option in "Analysis and Synthesis Settings -> More Settings" to "Off".


+--------------------------------------------------------------------------------------------+
; Parameter Settings for User Entity Instance: out_mux:out_mux_imp|LPM_MUX:LPM_MUX_component ;
+------------------------+------------+------------------------------------------------------+
; Parameter Name         ; Value      ; Type                                                 ;
+------------------------+------------+------------------------------------------------------+
; AUTO_CARRY_CHAINS      ; ON         ; AUTO_CARRY                                           ;
; IGNORE_CARRY_BUFFERS   ; OFF        ; IGNORE_CARRY                                         ;
; AUTO_CASCADE_CHAINS    ; ON         ; AUTO_CASCADE                                         ;
; IGNORE_CASCADE_BUFFERS ; OFF        ; IGNORE_CASCADE                                       ;
; LPM_WIDTH              ; 8          ; Signed Integer                                       ;
; LPM_SIZE               ; 2          ; Signed Integer                                       ;
; LPM_WIDTHS             ; 1          ; Signed Integer                                       ;
; LPM_PIPELINE           ; 0          ; Signed Integer                                       ;
; CBXI_PARAMETER         ; mux_73e    ; Untyped                                              ;
; DEVICE_FAMILY          ; Cyclone II ; Untyped                                              ;
+------------------------+------------+------------------------------------------------------+
Note: In order to hide this table in the UI and the text report file, please set the "Show Parameter Settings in Synthesis Report" option in "Analysis and Synthesis Settings -> More Settings" to "Off".


+------------------------------------------------------------------------------------------------------+
; Parameter Settings for User Entity Instance: const84:const84_imp|lpm_constant:LPM_CONSTANT_component ;
+--------------------+------------------+--------------------------------------------------------------+
; Parameter Name     ; Value            ; Type                                                         ;
+--------------------+------------------+--------------------------------------------------------------+
; LPM_WIDTH          ; 8                ; Signed Integer                                               ;
; LPM_CVALUE         ; 84               ; Signed Integer                                               ;
; ENABLE_RUNTIME_MOD ; NO               ; Untyped                                                      ;
; CBXI_PARAMETER     ; lpm_constant_3g6 ; Untyped                                                      ;
+--------------------+------------------+--------------------------------------------------------------+
Note: In order to hide this table in the UI and the text report file, please set the "Show Parameter Settings in Synthesis Report" option in "Analysis and Synthesis Settings -> More Settings" to "Off".


+----------------------------------------------------------------------------------------------------------+
; Parameter Settings for User Entity Instance: main_adder:main_adder_imp|lpm_add_sub:LPM_ADD_SUB_component ;
+------------------------+-------------+-------------------------------------------------------------------+
; Parameter Name         ; Value       ; Type                                                              ;
+------------------------+-------------+-------------------------------------------------------------------+
; LPM_WIDTH              ; 8           ; Signed Integer                                                    ;
; LPM_REPRESENTATION     ; UNSIGNED    ; Untyped                                                           ;
; LPM_DIRECTION          ; ADD         ; Untyped                                                           ;
; ONE_INPUT_IS_CONSTANT  ; NO          ; Untyped                                                           ;
; LPM_PIPELINE           ; 0           ; Untyped                                                           ;
; MAXIMIZE_SPEED         ; 5           ; Untyped                                                           ;
; REGISTERED_AT_END      ; 0           ; Untyped                                                           ;
; OPTIMIZE_FOR_SPEED     ; 5           ; Untyped                                                           ;
; USE_CS_BUFFERS         ; 1           ; Untyped                                                           ;
; CARRY_CHAIN            ; MANUAL      ; Untyped                                                           ;
; CARRY_CHAIN_LENGTH     ; 48          ; CARRY_CHAIN_LENGTH                                                ;
; DEVICE_FAMILY          ; Cyclone II  ; Untyped                                                           ;
; USE_WYS                ; OFF         ; Untyped                                                           ;
; STYLE                  ; FAST        ; Untyped                                                           ;
; CBXI_PARAMETER         ; add_sub_ckh ; Untyped                                                           ;
; AUTO_CARRY_CHAINS      ; ON          ; AUTO_CARRY                                                        ;
; IGNORE_CARRY_BUFFERS   ; OFF         ; IGNORE_CARRY                                                      ;
; AUTO_CASCADE_CHAINS    ; ON          ; AUTO_CASCADE                                                      ;
; IGNORE_CASCADE_BUFFERS ; OFF         ; IGNORE_CASCADE                                                    ;
+------------------------+-------------+-------------------------------------------------------------------+
Note: In order to hide this table in the UI and the text report file, please set the "Show Parameter Settings in Synthesis Report" option in "Analysis and Synthesis Settings -> More Settings" to "Off".


+--------------------------------------------------------------------------------------------------+
; Parameter Settings for User Entity Instance: add_in_mux:add_in_mux_imp|LPM_MUX:LPM_MUX_component ;
+------------------------+------------+------------------------------------------------------------+
; Parameter Name         ; Value      ; Type                                                       ;
+------------------------+------------+------------------------------------------------------------+
; AUTO_CARRY_CHAINS      ; ON         ; AUTO_CARRY                                                 ;
; IGNORE_CARRY_BUFFERS   ; OFF        ; IGNORE_CARRY                                               ;
; AUTO_CASCADE_CHAINS    ; ON         ; AUTO_CASCADE                                               ;
; IGNORE_CASCADE_BUFFERS ; OFF        ; IGNORE_CASCADE                                             ;
; LPM_WIDTH              ; 8          ; Signed Integer                                             ;
; LPM_SIZE               ; 2          ; Signed Integer                                             ;
; LPM_WIDTHS             ; 1          ; Signed Integer                                             ;
; LPM_PIPELINE           ; 0          ; Signed Integer                                             ;
; CBXI_PARAMETER         ; mux_73e    ; Untyped                                                    ;
; DEVICE_FAMILY          ; Cyclone II ; Untyped                                                    ;
+------------------------+------------+------------------------------------------------------------+
Note: In order to hide this table in the UI and the text report file, please set the "Show Parameter Settings in Synthesis Report" option in "Analysis and Synthesis Settings -> More Settings" to "Off".


+-------------------------------------------------------------------------------------------------------+
; Parameter Settings for User Entity Instance: const48:coinst48_imp|lpm_constant:LPM_CONSTANT_component ;
+--------------------+------------------+---------------------------------------------------------------+
; Parameter Name     ; Value            ; Type                                                          ;
+--------------------+------------------+---------------------------------------------------------------+
; LPM_WIDTH          ; 8                ; Signed Integer                                                ;
; LPM_CVALUE         ; 48               ; Signed Integer                                                ;
; ENABLE_RUNTIME_MOD ; NO               ; Untyped                                                       ;
; CBXI_PARAMETER     ; lpm_constant_tf6 ; Untyped                                                       ;
+--------------------+------------------+---------------------------------------------------------------+
Note: In order to hide this table in the UI and the text report file, please set the "Show Parameter Settings in Synthesis Report" option in "Analysis and Synthesis Settings -> More Settings" to "Off".


+------------------------------------------------------------------------------------------------------+
; Parameter Settings for User Entity Instance: const87:const87_imp|lpm_constant:LPM_CONSTANT_component ;
+--------------------+------------------+--------------------------------------------------------------+
; Parameter Name     ; Value            ; Type                                                         ;
+--------------------+------------------+--------------------------------------------------------------+
; LPM_WIDTH          ; 8                ; Signed Integer                                               ;
; LPM_CVALUE         ; 87               ; Signed Integer                                               ;
; ENABLE_RUNTIME_MOD ; NO               ; Untyped                                                      ;
; CBXI_PARAMETER     ; lpm_constant_6g6 ; Untyped                                                      ;
+--------------------+------------------+--------------------------------------------------------------+
Note: In order to hide this table in the UI and the text report file, please set the "Show Parameter Settings in Synthesis Report" option in "Analysis and Synthesis Settings -> More Settings" to "Off".


+------------------------------------------------------------------------------------+
; lpm_shiftreg Parameter Settings by Entity Instance                                 ;
+----------------------------+-------------------------------------------------------+
; Name                       ; Value                                                 ;
+----------------------------+-------------------------------------------------------+
; Number of entity instances ; 1                                                     ;
; Entity Instance            ; reg_in:reg_in_imp|lpm_shiftreg:LPM_SHIFTREG_component ;
;     -- LPM_WIDTH           ; 16                                                    ;
;     -- LPM_DIRECTION       ; LEFT                                                  ;
+----------------------------+-------------------------------------------------------+


+-------------------------------+
; Elapsed Time Per Partition    ;
+----------------+--------------+
; Partition Name ; Elapsed Time ;
+----------------+--------------+
; Top            ; 00:00:02     ;
+----------------+--------------+


+-------------------------------+
; Analysis & Synthesis Messages ;
+-------------------------------+
Info: *******************************************************************
Info: Running Quartus II 32-bit Analysis & Synthesis
    Info: Version 11.1 Build 259 01/25/2012 Service Pack 2 SJ Web Edition
    Info: Processing started: Fri Jan 18 18:23:03 2019
Info: Command: quartus_map --read_settings_files=on --write_settings_files=off ASCIIConverter -c ASCIIConverter
Warning (20028): Parallel compilation is not licensed and has been disabled
Info (12021): Found 2 design units, including 1 entities, in source file components/const87.vhd
    Info (12022): Found design unit 1: const87-SYN
    Info (12023): Found entity 1: const87
Info (12021): Found 2 design units, including 1 entities, in source file components/reg_out_mux.vhd
    Info (12022): Found design unit 1: reg_out_mux-SYN
    Info (12023): Found entity 1: reg_out_mux
Info (12021): Found 2 design units, including 1 entities, in source file components/reg_mux_in.vhd
    Info (12022): Found design unit 1: reg_mux_in-SYN
    Info (12023): Found entity 1: reg_mux_in
Info (12021): Found 2 design units, including 1 entities, in source file components/reg_in.vhd
    Info (12022): Found design unit 1: reg_in-SYN
    Info (12023): Found entity 1: reg_in
Info (12021): Found 2 design units, including 1 entities, in source file components/out_mux.vhd
    Info (12022): Found design unit 1: out_mux-SYN
    Info (12023): Found entity 1: out_mux
Info (12021): Found 2 design units, including 1 entities, in source file components/out_cmp.vhd
    Info (12022): Found design unit 1: out_cmp-SYN
    Info (12023): Found entity 1: out_cmp
Info (12021): Found 2 design units, including 1 entities, in source file components/main_adder.vhd
    Info (12022): Found design unit 1: main_adder-SYN
    Info (12023): Found entity 1: main_adder
Info (12021): Found 2 design units, including 1 entities, in source file components/const84.vhd
    Info (12022): Found design unit 1: const84-SYN
    Info (12023): Found entity 1: const84
Info (12021): Found 2 design units, including 1 entities, in source file components/const48.vhd
    Info (12022): Found design unit 1: const48-SYN
    Info (12023): Found entity 1: const48
Info (12021): Found 2 design units, including 1 entities, in source file components/add_in_mux.vhd
    Info (12022): Found design unit 1: add_in_mux-SYN
    Info (12023): Found entity 1: add_in_mux
Info (12021): Found 2 design units, including 1 entities, in source file components/const55.vhd
    Info (12022): Found design unit 1: const55-SYN
    Info (12023): Found entity 1: const55
Info (12021): Found 1 design units, including 1 entities, in source file asciiconverter.bdf
    Info (12023): Found entity 1: ASCIIConverter
Info (12021): Found 2 design units, including 1 entities, in source file fsm.vhd
    Info (12022): Found design unit 1: MainFSM-MainFSMImp
    Info (12023): Found entity 1: MainFSM
Info (12127): Elaborating entity "ASCIIConverter" for the top level hierarchy
Info (12128): Elaborating entity "MainFSM" for hierarchy "MainFSM:inst"
Info (12128): Elaborating entity "out_cmp" for hierarchy "out_cmp:out_cmp_imp"
Info (12128): Elaborating entity "lpm_compare" for hierarchy "out_cmp:out_cmp_imp|lpm_compare:LPM_COMPARE_component"
Info (12130): Elaborated megafunction instantiation "out_cmp:out_cmp_imp|lpm_compare:LPM_COMPARE_component"
Info (12133): Instantiated megafunction "out_cmp:out_cmp_imp|lpm_compare:LPM_COMPARE_component" with the following parameter:
    Info (12134): Parameter "lpm_hint" = "ONE_INPUT_IS_CONSTANT=YES"
    Info (12134): Parameter "lpm_representation" = "UNSIGNED"
    Info (12134): Parameter "lpm_type" = "LPM_COMPARE"
    Info (12134): Parameter "lpm_width" = "8"
Info (12021): Found 1 design units, including 1 entities, in source file db/cmpr_m7j.tdf
    Info (12023): Found entity 1: cmpr_m7j
Info (12128): Elaborating entity "cmpr_m7j" for hierarchy "out_cmp:out_cmp_imp|lpm_compare:LPM_COMPARE_component|cmpr_m7j:auto_generated"
Info (12128): Elaborating entity "reg_out_mux" for hierarchy "reg_out_mux:reg_out_mux_imp"
Info (12128): Elaborating entity "LPM_MUX" for hierarchy "reg_out_mux:reg_out_mux_imp|LPM_MUX:LPM_MUX_component"
Info (12130): Elaborated megafunction instantiation "reg_out_mux:reg_out_mux_imp|LPM_MUX:LPM_MUX_component"
Info (12133): Instantiated megafunction "reg_out_mux:reg_out_mux_imp|LPM_MUX:LPM_MUX_component" with the following parameter:
    Info (12134): Parameter "LPM_WIDTH" = "4"
    Info (12134): Parameter "LPM_SIZE" = "4"
    Info (12134): Parameter "LPM_WIDTHS" = "2"
    Info (12134): Parameter "LPM_PIPELINE" = "0"
    Info (12134): Parameter "LPM_TYPE" = "LPM_MUX"
    Info (12134): Parameter "LPM_HINT" = "UNUSED"
Info (12021): Found 1 design units, including 1 entities, in source file db/mux_63e.tdf
    Info (12023): Found entity 1: mux_63e
Info (12128): Elaborating entity "mux_63e" for hierarchy "reg_out_mux:reg_out_mux_imp|LPM_MUX:LPM_MUX_component|mux_63e:auto_generated"
Info (12128): Elaborating entity "reg_in" for hierarchy "reg_in:reg_in_imp"
Info (12128): Elaborating entity "lpm_shiftreg" for hierarchy "reg_in:reg_in_imp|lpm_shiftreg:LPM_SHIFTREG_component"
Info (12130): Elaborated megafunction instantiation "reg_in:reg_in_imp|lpm_shiftreg:LPM_SHIFTREG_component"
Info (12133): Instantiated megafunction "reg_in:reg_in_imp|lpm_shiftreg:LPM_SHIFTREG_component" with the following parameter:
    Info (12134): Parameter "lpm_direction" = "LEFT"
    Info (12134): Parameter "lpm_type" = "LPM_SHIFTREG"
    Info (12134): Parameter "lpm_width" = "16"
Info (12128): Elaborating entity "reg_mux_in" for hierarchy "reg_mux_in:reg_mux_in_imp"
Info (12128): Elaborating entity "LPM_MUX" for hierarchy "reg_mux_in:reg_mux_in_imp|LPM_MUX:LPM_MUX_component"
Info (12130): Elaborated megafunction instantiation "reg_mux_in:reg_mux_in_imp|LPM_MUX:LPM_MUX_component"
Info (12133): Instantiated megafunction "reg_mux_in:reg_mux_in_imp|LPM_MUX:LPM_MUX_component" with the following parameter:
    Info (12134): Parameter "LPM_WIDTH" = "16"
    Info (12134): Parameter "LPM_SIZE" = "2"
    Info (12134): Parameter "LPM_WIDTHS" = "1"
    Info (12134): Parameter "LPM_PIPELINE" = "0"
    Info (12134): Parameter "LPM_TYPE" = "LPM_MUX"
    Info (12134): Parameter "LPM_HINT" = "UNUSED"
Info (12021): Found 1 design units, including 1 entities, in source file db/mux_m4e.tdf
    Info (12023): Found entity 1: mux_m4e
Info (12128): Elaborating entity "mux_m4e" for hierarchy "reg_mux_in:reg_mux_in_imp|LPM_MUX:LPM_MUX_component|mux_m4e:auto_generated"
Info (12128): Elaborating entity "out_mux" for hierarchy "out_mux:out_mux_imp"
Info (12128): Elaborating entity "LPM_MUX" for hierarchy "out_mux:out_mux_imp|LPM_MUX:LPM_MUX_component"
Info (12130): Elaborated megafunction instantiation "out_mux:out_mux_imp|LPM_MUX:LPM_MUX_component"
Info (12133): Instantiated megafunction "out_mux:out_mux_imp|LPM_MUX:LPM_MUX_component" with the following parameter:
    Info (12134): Parameter "LPM_WIDTH" = "8"
    Info (12134): Parameter "LPM_SIZE" = "2"
    Info (12134): Parameter "LPM_WIDTHS" = "1"
    Info (12134): Parameter "LPM_PIPELINE" = "0"
    Info (12134): Parameter "LPM_TYPE" = "LPM_MUX"
    Info (12134): Parameter "LPM_HINT" = "UNUSED"
Info (12021): Found 1 design units, including 1 entities, in source file db/mux_73e.tdf
    Info (12023): Found entity 1: mux_73e
Info (12128): Elaborating entity "mux_73e" for hierarchy "out_mux:out_mux_imp|LPM_MUX:LPM_MUX_component|mux_73e:auto_generated"
Info (12128): Elaborating entity "const84" for hierarchy "const84:const84_imp"
Info (12128): Elaborating entity "lpm_constant" for hierarchy "const84:const84_imp|lpm_constant:LPM_CONSTANT_component"
Info (12130): Elaborated megafunction instantiation "const84:const84_imp|lpm_constant:LPM_CONSTANT_component"
Info (12133): Instantiated megafunction "const84:const84_imp|lpm_constant:LPM_CONSTANT_component" with the following parameter:
    Info (12134): Parameter "lpm_cvalue" = "84"
    Info (12134): Parameter "lpm_hint" = "ENABLE_RUNTIME_MOD=NO"
    Info (12134): Parameter "lpm_type" = "LPM_CONSTANT"
    Info (12134): Parameter "lpm_width" = "8"
Info (12128): Elaborating entity "main_adder" for hierarchy "main_adder:main_adder_imp"
Info (12128): Elaborating entity "lpm_add_sub" for hierarchy "main_adder:main_adder_imp|lpm_add_sub:LPM_ADD_SUB_component"
Info (12130): Elaborated megafunction instantiation "main_adder:main_adder_imp|lpm_add_sub:LPM_ADD_SUB_component"
Info (12133): Instantiated megafunction "main_adder:main_adder_imp|lpm_add_sub:LPM_ADD_SUB_component" with the following parameter:
    Info (12134): Parameter "lpm_direction" = "ADD"
    Info (12134): Parameter "lpm_hint" = "ONE_INPUT_IS_CONSTANT=NO,CIN_USED=NO"
    Info (12134): Parameter "lpm_representation" = "UNSIGNED"
    Info (12134): Parameter "lpm_type" = "LPM_ADD_SUB"
    Info (12134): Parameter "lpm_width" = "8"
Info (12021): Found 1 design units, including 1 entities, in source file db/add_sub_ckh.tdf
    Info (12023): Found entity 1: add_sub_ckh
Info (12128): Elaborating entity "add_sub_ckh" for hierarchy "main_adder:main_adder_imp|lpm_add_sub:LPM_ADD_SUB_component|add_sub_ckh:auto_generated"
Info (12128): Elaborating entity "add_in_mux" for hierarchy "add_in_mux:add_in_mux_imp"
Info (12128): Elaborating entity "const48" for hierarchy "const48:coinst48_imp"
Info (12128): Elaborating entity "lpm_constant" for hierarchy "const48:coinst48_imp|lpm_constant:LPM_CONSTANT_component"
Info (12130): Elaborated megafunction instantiation "const48:coinst48_imp|lpm_constant:LPM_CONSTANT_component"
Info (12133): Instantiated megafunction "const48:coinst48_imp|lpm_constant:LPM_CONSTANT_component" with the following parameter:
    Info (12134): Parameter "lpm_cvalue" = "48"
    Info (12134): Parameter "lpm_hint" = "ENABLE_RUNTIME_MOD=NO"
    Info (12134): Parameter "lpm_type" = "LPM_CONSTANT"
    Info (12134): Parameter "lpm_width" = "8"
Info (12128): Elaborating entity "const87" for hierarchy "const87:const87_imp"
Info (12128): Elaborating entity "lpm_constant" for hierarchy "const87:const87_imp|lpm_constant:LPM_CONSTANT_component"
Info (12130): Elaborated megafunction instantiation "const87:const87_imp|lpm_constant:LPM_CONSTANT_component"
Info (12133): Instantiated megafunction "const87:const87_imp|lpm_constant:LPM_CONSTANT_component" with the following parameter:
    Info (12134): Parameter "lpm_cvalue" = "87"
    Info (12134): Parameter "lpm_hint" = "ENABLE_RUNTIME_MOD=NO"
    Info (12134): Parameter "lpm_type" = "LPM_CONSTANT"
    Info (12134): Parameter "lpm_width" = "8"
Info (16010): Generating hard_block partition "hard_block:auto_generated_inst"
Info (21057): Implemented 83 device resources after synthesis - the final resource count might be different
    Info (21058): Implemented 20 input pins
    Info (21059): Implemented 10 output pins
    Info (21061): Implemented 53 logic cells
Info: Quartus II 32-bit Analysis & Synthesis was successful. 0 errors, 1 warning
    Info: Peak virtual memory: 356 megabytes
    Info: Processing ended: Fri Jan 18 18:23:09 2019
    Info: Elapsed time: 00:00:06
    Info: Total CPU time (on all processors): 00:00:06


