Flow report for reflexes
Fri Jan 18 18:07:19 2019
Quartus II 32-bit Version 11.1 Build 259 01/25/2012 Service Pack 2 SJ Web Edition


---------------------
; Table of Contents ;
---------------------
  1. Legal Notice
  2. Flow Summary
  3. Flow Settings
  4. Flow Non-Default Global Settings
  5. Flow Elapsed Time
  6. Flow OS Summary
  7. Flow Log



----------------
; Legal Notice ;
----------------
Copyright (C) 1991-2011 Altera Corporation
Your use of Altera Corporation's design tools, logic functions 
and other software and tools, and its AMPP partner logic 
functions, and any output files from any of the foregoing 
(including device programming or simulation files), and any 
associated documentation or information are expressly subject 
to the terms and conditions of the Altera Program License 
Subscription Agreement, Altera MegaCore Function License 
Agreement, or other applicable license agreement, including, 
without limitation, that your use is for the sole purpose of 
programming logic devices manufactured by Altera and sold by 
Altera or its authorized distributors.  Please refer to the 
applicable agreement for further details.



+------------------------------------------------------------------------------------+
; Flow Summary                                                                       ;
+------------------------------------+-----------------------------------------------+
; Flow Status                        ; Successful - Fri Jan 18 18:07:19 2019         ;
; Quartus II 32-bit Version          ; 11.1 Build 259 01/25/2012 SP 2 SJ Web Edition ;
; Revision Name                      ; reflexes                                      ;
; Top-level Entity Name              ; reflexes                                      ;
; Family                             ; Cyclone II                                    ;
; Device                             ; EP2C35F672C6                                  ;
; Timing Models                      ; Final                                         ;
; Total logic elements               ; 189 / 33,216 ( < 1 % )                        ;
;     Total combinational functions  ; 186 / 33,216 ( < 1 % )                        ;
;     Dedicated logic registers      ; 56 / 33,216 ( < 1 % )                         ;
; Total registers                    ; 56                                            ;
; Total pins                         ; 31 / 475 ( 7 % )                              ;
; Total virtual pins                 ; 0                                             ;
; Total memory bits                  ; 0 / 483,840 ( 0 % )                           ;
; Embedded Multiplier 9-bit elements ; 0 / 70 ( 0 % )                                ;
; Total PLLs                         ; 0 / 4 ( 0 % )                                 ;
+------------------------------------+-----------------------------------------------+


+-----------------------------------------+
; Flow Settings                           ;
+-------------------+---------------------+
; Option            ; Setting             ;
+-------------------+---------------------+
; Start date & time ; 01/18/2019 18:07:01 ;
; Main task         ; Compilation         ;
; Revision Name     ; reflexes            ;
+-------------------+---------------------+


+----------------------------------------------------------------------------------------------------------------------+
; Flow Non-Default Global Settings                                                                                     ;
+-------------------------------------+---------------------------------+---------------+-------------+----------------+
; Assignment Name                     ; Value                           ; Default Value ; Entity Name ; Section Id     ;
+-------------------------------------+---------------------------------+---------------+-------------+----------------+
; COMPILER_SIGNATURE_ID               ; 212039888159209.154783122005092 ; --            ; --          ; --             ;
; EDA_OUTPUT_DATA_FORMAT              ; Vhdl                            ; --            ; --          ; eda_simulation ;
; EDA_SIMULATION_TOOL                 ; ModelSim-Altera (VHDL)          ; <None>        ; --          ; --             ;
; IP_TOOL_NAME                        ; LPM_XOR                         ; --            ; --          ; --             ;
; IP_TOOL_NAME                        ; LPM_MULT                        ; --            ; --          ; --             ;
; IP_TOOL_NAME                        ; LPM_FF                          ; --            ; --          ; --             ;
; IP_TOOL_NAME                        ; LPM_FF                          ; --            ; --          ; --             ;
; IP_TOOL_NAME                        ; LPM_FF                          ; --            ; --          ; --             ;
; IP_TOOL_NAME                        ; LPM_DECODE                      ; --            ; --          ; --             ;
; IP_TOOL_NAME                        ; LPM_COUNTER                     ; --            ; --          ; --             ;
; IP_TOOL_NAME                        ; LPM_COUNTER                     ; --            ; --          ; --             ;
; IP_TOOL_NAME                        ; LPM_AND                         ; --            ; --          ; --             ;
; IP_TOOL_NAME                        ; LPM_AND                         ; --            ; --          ; --             ;
; IP_TOOL_NAME                        ; LPM_ADD_SUB                     ; --            ; --          ; --             ;
; IP_TOOL_VERSION                     ; 9.1                             ; --            ; --          ; --             ;
; IP_TOOL_VERSION                     ; 9.1                             ; --            ; --          ; --             ;
; IP_TOOL_VERSION                     ; 9.1                             ; --            ; --          ; --             ;
; IP_TOOL_VERSION                     ; 9.1                             ; --            ; --          ; --             ;
; IP_TOOL_VERSION                     ; 9.1                             ; --            ; --          ; --             ;
; IP_TOOL_VERSION                     ; 9.1                             ; --            ; --          ; --             ;
; IP_TOOL_VERSION                     ; 9.1                             ; --            ; --          ; --             ;
; IP_TOOL_VERSION                     ; 9.1                             ; --            ; --          ; --             ;
; IP_TOOL_VERSION                     ; 9.1                             ; --            ; --          ; --             ;
; IP_TOOL_VERSION                     ; 9.1                             ; --            ; --          ; --             ;
; IP_TOOL_VERSION                     ; 9.1                             ; --            ; --          ; --             ;
; MAX_CORE_JUNCTION_TEMP              ; 85                              ; --            ; --          ; --             ;
; MIN_CORE_JUNCTION_TEMP              ; 0                               ; --            ; --          ; --             ;
; MISC_FILE                           ; XOR_4bit.bsf                    ; --            ; --          ; --             ;
; MISC_FILE                           ; XOR_4bit.cmp                    ; --            ; --          ; --             ;
; MISC_FILE                           ; MULT_10000.bsf                  ; --            ; --          ; --             ;
; MISC_FILE                           ; MULT_10000.cmp                  ; --            ; --          ; --             ;
; MISC_FILE                           ; FF_LNUM.bsf                     ; --            ; --          ; --             ;
; MISC_FILE                           ; FF_LNUM.cmp                     ; --            ; --          ; --             ;
; MISC_FILE                           ; FF_BUTTON.bsf                   ; --            ; --          ; --             ;
; MISC_FILE                           ; FF_BUTTON.cmp                   ; --            ; --          ; --             ;
; MISC_FILE                           ; FF_1bit.bsf                     ; --            ; --          ; --             ;
; MISC_FILE                           ; FF_1bit.cmp                     ; --            ; --          ; --             ;
; MISC_FILE                           ; DEC_LED.bsf                     ; --            ; --          ; --             ;
; MISC_FILE                           ; DEC_LED.cmp                     ; --            ; --          ; --             ;
; MISC_FILE                           ; CNT_1ms.bsf                     ; --            ; --          ; --             ;
; MISC_FILE                           ; CNT_1ms.cmp                     ; --            ; --          ; --             ;
; MISC_FILE                           ; CNT_16bit.bsf                   ; --            ; --          ; --             ;
; MISC_FILE                           ; CNT_16bit.cmp                   ; --            ; --          ; --             ;
; MISC_FILE                           ; AND_16bit.bsf                   ; --            ; --          ; --             ;
; MISC_FILE                           ; AND_16bit.cmp                   ; --            ; --          ; --             ;
; MISC_FILE                           ; AND_15bit.bsf                   ; --            ; --          ; --             ;
; MISC_FILE                           ; AND_15bit.cmp                   ; --            ; --          ; --             ;
; MISC_FILE                           ; ADD_45535.bsf                   ; --            ; --          ; --             ;
; MISC_FILE                           ; ADD_45535.cmp                   ; --            ; --          ; --             ;
; PARTITION_COLOR                     ; 16764057                        ; --            ; --          ; Top            ;
; PARTITION_FITTER_PRESERVATION_LEVEL ; PLACEMENT_AND_ROUTING           ; --            ; --          ; Top            ;
; PARTITION_NETLIST_TYPE              ; SOURCE                          ; --            ; --          ; Top            ;
+-------------------------------------+---------------------------------+---------------+-------------+----------------+


+-------------------------------------------------------------------------------------------------------------------------------+
; Flow Elapsed Time                                                                                                             ;
+---------------------------+--------------+-------------------------+---------------------+------------------------------------+
; Module Name               ; Elapsed Time ; Average Processors Used ; Peak Virtual Memory ; Total CPU Time (on all processors) ;
+---------------------------+--------------+-------------------------+---------------------+------------------------------------+
; Analysis & Synthesis      ; 00:00:08     ; 1.0                     ; 363 MB              ; 00:00:07                           ;
; Fitter                    ; 00:00:05     ; 1.0                     ; 412 MB              ; 00:00:05                           ;
; TimeQuest Timing Analyzer ; 00:00:02     ; 1.0                     ; 304 MB              ; 00:00:02                           ;
; Assembler                 ; 00:00:03     ; 1.0                     ; 344 MB              ; 00:00:02                           ;
; EDA Netlist Writer        ; 00:00:00     ; 1.0                     ; 263 MB              ; 00:00:01                           ;
; Total                     ; 00:00:18     ; --                      ; --                  ; 00:00:17                           ;
+---------------------------+--------------+-------------------------+---------------------+------------------------------------+


+----------------------------------------------------------------------------------------+
; Flow OS Summary                                                                        ;
+---------------------------+------------------+-----------+------------+----------------+
; Module Name               ; Machine Hostname ; OS Name   ; OS Version ; Processor type ;
+---------------------------+------------------+-----------+------------+----------------+
; Analysis & Synthesis      ; DESKTOP-6I2CKQ9  ; Windows 7 ; 6.2        ; x86_64         ;
; Fitter                    ; DESKTOP-6I2CKQ9  ; Windows 7 ; 6.2        ; x86_64         ;
; TimeQuest Timing Analyzer ; DESKTOP-6I2CKQ9  ; Windows 7 ; 6.2        ; x86_64         ;
; Assembler                 ; DESKTOP-6I2CKQ9  ; Windows 7 ; 6.2        ; x86_64         ;
; EDA Netlist Writer        ; DESKTOP-6I2CKQ9  ; Windows 7 ; 6.2        ; x86_64         ;
+---------------------------+------------------+-----------+------------+----------------+


------------
; Flow Log ;
------------
quartus_map --read_settings_files=on --write_settings_files=off reflexes -c reflexes
quartus_fit --read_settings_files=off --write_settings_files=off reflexes -c reflexes
quartus_sta reflexes -c reflexes
quartus_asm --read_settings_files=off --write_settings_files=off reflexes -c reflexes
quartus_eda --read_settings_files=off --write_settings_files=off reflexes -c reflexes



