Flow report for uartRX
Wed Feb 13 13:28:24 2019
Quartus II 32-bit Version 11.1 Build 259 01/25/2012 Service Pack 2 SJ Web Edition


---------------------
; Table of Contents ;
---------------------
  1. Legal Notice
  2. Flow Summary
  3. Flow Settings
  4. Flow Non-Default Global Settings
  5. Flow Elapsed Time
  6. Flow OS Summary
  7. Flow Log



----------------
; Legal Notice ;
----------------
Copyright (C) 1991-2011 Altera Corporation
Your use of Altera Corporation's design tools, logic functions 
and other software and tools, and its AMPP partner logic 
functions, and any output files from any of the foregoing 
(including device programming or simulation files), and any 
associated documentation or information are expressly subject 
to the terms and conditions of the Altera Program License 
Subscription Agreement, Altera MegaCore Function License 
Agreement, or other applicable license agreement, including, 
without limitation, that your use is for the sole purpose of 
programming logic devices manufactured by Altera and sold by 
Altera or its authorized distributors.  Please refer to the 
applicable agreement for further details.



+------------------------------------------------------------------------------------+
; Flow Summary                                                                       ;
+------------------------------------+-----------------------------------------------+
; Flow Status                        ; Successful - Wed Feb 13 13:28:24 2019         ;
; Quartus II 32-bit Version          ; 11.1 Build 259 01/25/2012 SP 2 SJ Web Edition ;
; Revision Name                      ; uartRX                                        ;
; Top-level Entity Name              ; uartRX                                        ;
; Family                             ; Cyclone II                                    ;
; Device                             ; EP2C35F672C6                                  ;
; Timing Models                      ; Final                                         ;
; Total logic elements               ; 64 / 33,216 ( < 1 % )                         ;
;     Total combinational functions  ; 64 / 33,216 ( < 1 % )                         ;
;     Dedicated logic registers      ; 41 / 33,216 ( < 1 % )                         ;
; Total registers                    ; 41                                            ;
; Total pins                         ; 13 / 475 ( 3 % )                              ;
; Total virtual pins                 ; 0                                             ;
; Total memory bits                  ; 0 / 483,840 ( 0 % )                           ;
; Embedded Multiplier 9-bit elements ; 0 / 70 ( 0 % )                                ;
; Total PLLs                         ; 0 / 4 ( 0 % )                                 ;
+------------------------------------+-----------------------------------------------+


+-----------------------------------------+
; Flow Settings                           ;
+-------------------+---------------------+
; Option            ; Setting             ;
+-------------------+---------------------+
; Start date & time ; 02/13/2019 13:28:12 ;
; Main task         ; Compilation         ;
; Revision Name     ; uartRX              ;
+-------------------+---------------------+


+------------------------------------------------------------------------------------------------------------------+
; Flow Non-Default Global Settings                                                                                 ;
+-------------------------------------+---------------------------------+---------------+-------------+------------+
; Assignment Name                     ; Value                           ; Default Value ; Entity Name ; Section Id ;
+-------------------------------------+---------------------------------+---------------+-------------+------------+
; COMPILER_SIGNATURE_ID               ; 212039888159209.155006089102968 ; --            ; --          ; --         ;
; IP_TOOL_NAME                        ; LPM_SHIFTREG                    ; --            ; --          ; --         ;
; IP_TOOL_NAME                        ; LPM_SHIFTREG                    ; --            ; --          ; --         ;
; IP_TOOL_NAME                        ; LPM_COUNTER                     ; --            ; --          ; --         ;
; IP_TOOL_NAME                        ; LPM_COUNTER                     ; --            ; --          ; --         ;
; IP_TOOL_NAME                        ; LPM_COUNTER                     ; --            ; --          ; --         ;
; IP_TOOL_VERSION                     ; 11.1                            ; --            ; --          ; --         ;
; IP_TOOL_VERSION                     ; 11.1                            ; --            ; --          ; --         ;
; IP_TOOL_VERSION                     ; 11.1                            ; --            ; --          ; --         ;
; IP_TOOL_VERSION                     ; 11.1                            ; --            ; --          ; --         ;
; IP_TOOL_VERSION                     ; 11.1                            ; --            ; --          ; --         ;
; MAX_CORE_JUNCTION_TEMP              ; 85                              ; --            ; --          ; --         ;
; MIN_CORE_JUNCTION_TEMP              ; 0                               ; --            ; --          ; --         ;
; MISC_FILE                           ; RX_REG.bsf                      ; --            ; --          ; --         ;
; MISC_FILE                           ; DOUT_REG.bsf                    ; --            ; --          ; --         ;
; MISC_FILE                           ; CNT_8.bsf                       ; --            ; --          ; --         ;
; MISC_FILE                           ; CNT_8.cmp                       ; --            ; --          ; --         ;
; MISC_FILE                           ; CNT_26.bsf                      ; --            ; --          ; --         ;
; MISC_FILE                           ; CNT_12.bsf                      ; --            ; --          ; --         ;
; PARTITION_COLOR                     ; 16764057                        ; --            ; --          ; Top        ;
; PARTITION_FITTER_PRESERVATION_LEVEL ; PLACEMENT_AND_ROUTING           ; --            ; --          ; Top        ;
; PARTITION_NETLIST_TYPE              ; SOURCE                          ; --            ; --          ; Top        ;
+-------------------------------------+---------------------------------+---------------+-------------+------------+


+-------------------------------------------------------------------------------------------------------------------------------+
; Flow Elapsed Time                                                                                                             ;
+---------------------------+--------------+-------------------------+---------------------+------------------------------------+
; Module Name               ; Elapsed Time ; Average Processors Used ; Peak Virtual Memory ; Total CPU Time (on all processors) ;
+---------------------------+--------------+-------------------------+---------------------+------------------------------------+
; Analysis & Synthesis      ; 00:00:04     ; 1.0                     ; 355 MB              ; 00:00:04                           ;
; Fitter                    ; 00:00:05     ; 1.0                     ; 411 MB              ; 00:00:05                           ;
; TimeQuest Timing Analyzer ; 00:00:02     ; 1.0                     ; 303 MB              ; 00:00:02                           ;
; Assembler                 ; 00:00:02     ; 1.0                     ; 344 MB              ; 00:00:02                           ;
; Total                     ; 00:00:13     ; --                      ; --                  ; 00:00:13                           ;
+---------------------------+--------------+-------------------------+---------------------+------------------------------------+


+----------------------------------------------------------------------------------------+
; Flow OS Summary                                                                        ;
+---------------------------+------------------+-----------+------------+----------------+
; Module Name               ; Machine Hostname ; OS Name   ; OS Version ; Processor type ;
+---------------------------+------------------+-----------+------------+----------------+
; Analysis & Synthesis      ; DESKTOP-6I2CKQ9  ; Windows 7 ; 6.2        ; x86_64         ;
; Fitter                    ; DESKTOP-6I2CKQ9  ; Windows 7 ; 6.2        ; x86_64         ;
; TimeQuest Timing Analyzer ; DESKTOP-6I2CKQ9  ; Windows 7 ; 6.2        ; x86_64         ;
; Assembler                 ; DESKTOP-6I2CKQ9  ; Windows 7 ; 6.2        ; x86_64         ;
+---------------------------+------------------+-----------+------------+----------------+


------------
; Flow Log ;
------------
quartus_map --read_settings_files=on --write_settings_files=off uartRX -c uartRX
quartus_fit --read_settings_files=off --write_settings_files=off uartRX -c uartRX
quartus_sta uartRX -c uartRX
quartus_asm --read_settings_files=off --write_settings_files=off uartRX -c uartRX



