Analysis & Synthesis report for uartRX
Wed Feb 13 13:28:15 2019
Quartus II 32-bit Version 11.1 Build 259 01/25/2012 Service Pack 2 SJ Web Edition


---------------------
; Table of Contents ;
---------------------
  1. Legal Notice
  2. Analysis & Synthesis Summary
  3. Analysis & Synthesis Settings
  4. Parallel Compilation
  5. Analysis & Synthesis Source Files Read
  6. Analysis & Synthesis Resource Usage Summary
  7. Analysis & Synthesis Resource Utilization by Entity
  8. Analysis & Synthesis IP Cores Summary
  9. State Machine - |uartRX|uartRX_CU:inst6|PRESENT_STATE
 10. General Register Statistics
 11. Multiplexer Restructuring Statistics (Restructuring Performed)
 12. Parameter Settings for User Entity Instance: uartRX_DP:inst|RX_REG:inst8|lpm_shiftreg:LPM_SHIFTREG_component
 13. Parameter Settings for User Entity Instance: uartRX_DP:inst|CNT_26:inst14|lpm_counter:LPM_COUNTER_component
 14. Parameter Settings for User Entity Instance: uartRX_DP:inst|CNT_8:inst3|lpm_counter:LPM_COUNTER_component
 15. Parameter Settings for User Entity Instance: uartRX_DP:inst|CNT_12:inst15|lpm_counter:LPM_COUNTER_component
 16. Parameter Settings for User Entity Instance: uartRX_DP:inst|DOUT_REG:inst9|lpm_shiftreg:LPM_SHIFTREG_component
 17. lpm_shiftreg Parameter Settings by Entity Instance
 18. Elapsed Time Per Partition
 19. Analysis & Synthesis Messages



----------------
; Legal Notice ;
----------------
Copyright (C) 1991-2011 Altera Corporation
Your use of Altera Corporation's design tools, logic functions 
and other software and tools, and its AMPP partner logic 
functions, and any output files from any of the foregoing 
(including device programming or simulation files), and any 
associated documentation or information are expressly subject 
to the terms and conditions of the Altera Program License 
Subscription Agreement, Altera MegaCore Function License 
Agreement, or other applicable license agreement, including, 
without limitation, that your use is for the sole purpose of 
programming logic devices manufactured by Altera and sold by 
Altera or its authorized distributors.  Please refer to the 
applicable agreement for further details.



+------------------------------------------------------------------------------------+
; Analysis & Synthesis Summary                                                       ;
+------------------------------------+-----------------------------------------------+
; Analysis & Synthesis Status        ; Successful - Wed Feb 13 13:28:15 2019         ;
; Quartus II 32-bit Version          ; 11.1 Build 259 01/25/2012 SP 2 SJ Web Edition ;
; Revision Name                      ; uartRX                                        ;
; Top-level Entity Name              ; uartRX                                        ;
; Family                             ; Cyclone II                                    ;
; Total logic elements               ; 64                                            ;
;     Total combinational functions  ; 64                                            ;
;     Dedicated logic registers      ; 41                                            ;
; Total registers                    ; 41                                            ;
; Total pins                         ; 13                                            ;
; Total virtual pins                 ; 0                                             ;
; Total memory bits                  ; 0                                             ;
; Embedded Multiplier 9-bit elements ; 0                                             ;
; Total PLLs                         ; 0                                             ;
+------------------------------------+-----------------------------------------------+


+----------------------------------------------------------------------------------------------------------------------+
; Analysis & Synthesis Settings                                                                                        ;
+----------------------------------------------------------------------------+--------------------+--------------------+
; Option                                                                     ; Setting            ; Default Value      ;
+----------------------------------------------------------------------------+--------------------+--------------------+
; Device                                                                     ; EP2C35F672C6       ;                    ;
; Top-level entity name                                                      ; uartRX             ; uartRX             ;
; Family name                                                                ; Cyclone II         ; Cyclone IV GX      ;
; Use smart compilation                                                      ; Off                ; Off                ;
; Enable parallel Assembler and TimeQuest Timing Analyzer during compilation ; On                 ; On                 ;
; Enable compact report table                                                ; Off                ; Off                ;
; Restructure Multiplexers                                                   ; Auto               ; Auto               ;
; Create Debugging Nodes for IP Cores                                        ; Off                ; Off                ;
; Preserve fewer node names                                                  ; On                 ; On                 ;
; Disable OpenCore Plus hardware evaluation                                  ; Off                ; Off                ;
; Verilog Version                                                            ; Verilog_2001       ; Verilog_2001       ;
; VHDL Version                                                               ; VHDL_1993          ; VHDL_1993          ;
; State Machine Processing                                                   ; Auto               ; Auto               ;
; Safe State Machine                                                         ; Off                ; Off                ;
; Extract Verilog State Machines                                             ; On                 ; On                 ;
; Extract VHDL State Machines                                                ; On                 ; On                 ;
; Ignore Verilog initial constructs                                          ; Off                ; Off                ;
; Iteration limit for constant Verilog loops                                 ; 5000               ; 5000               ;
; Iteration limit for non-constant Verilog loops                             ; 250                ; 250                ;
; Add Pass-Through Logic to Inferred RAMs                                    ; On                 ; On                 ;
; Infer RAMs from Raw Logic                                                  ; On                 ; On                 ;
; Parallel Synthesis                                                         ; On                 ; On                 ;
; DSP Block Balancing                                                        ; Auto               ; Auto               ;
; NOT Gate Push-Back                                                         ; On                 ; On                 ;
; Power-Up Don't Care                                                        ; On                 ; On                 ;
; Remove Redundant Logic Cells                                               ; Off                ; Off                ;
; Remove Duplicate Registers                                                 ; On                 ; On                 ;
; Ignore CARRY Buffers                                                       ; Off                ; Off                ;
; Ignore CASCADE Buffers                                                     ; Off                ; Off                ;
; Ignore GLOBAL Buffers                                                      ; Off                ; Off                ;
; Ignore ROW GLOBAL Buffers                                                  ; Off                ; Off                ;
; Ignore LCELL Buffers                                                       ; Off                ; Off                ;
; Ignore SOFT Buffers                                                        ; On                 ; On                 ;
; Limit AHDL Integers to 32 Bits                                             ; Off                ; Off                ;
; Optimization Technique                                                     ; Balanced           ; Balanced           ;
; Carry Chain Length                                                         ; 70                 ; 70                 ;
; Auto Carry Chains                                                          ; On                 ; On                 ;
; Auto Open-Drain Pins                                                       ; On                 ; On                 ;
; Perform WYSIWYG Primitive Resynthesis                                      ; Off                ; Off                ;
; Auto ROM Replacement                                                       ; On                 ; On                 ;
; Auto RAM Replacement                                                       ; On                 ; On                 ;
; Auto Shift Register Replacement                                            ; Auto               ; Auto               ;
; Allow Shift Register Merging across Hierarchies                            ; Auto               ; Auto               ;
; Auto Clock Enable Replacement                                              ; On                 ; On                 ;
; Strict RAM Replacement                                                     ; Off                ; Off                ;
; Allow Synchronous Control Signals                                          ; On                 ; On                 ;
; Force Use of Synchronous Clear Signals                                     ; Off                ; Off                ;
; Auto RAM to Logic Cell Conversion                                          ; Off                ; Off                ;
; Auto Resource Sharing                                                      ; Off                ; Off                ;
; Allow Any RAM Size For Recognition                                         ; Off                ; Off                ;
; Allow Any ROM Size For Recognition                                         ; Off                ; Off                ;
; Allow Any Shift Register Size For Recognition                              ; Off                ; Off                ;
; Use LogicLock Constraints during Resource Balancing                        ; On                 ; On                 ;
; Ignore translate_off and synthesis_off directives                          ; Off                ; Off                ;
; Timing-Driven Synthesis                                                    ; Off                ; Off                ;
; Report Parameter Settings                                                  ; On                 ; On                 ;
; Report Source Assignments                                                  ; On                 ; On                 ;
; Report Connectivity Checks                                                 ; On                 ; On                 ;
; Ignore Maximum Fan-Out Assignments                                         ; Off                ; Off                ;
; Synchronization Register Chain Length                                      ; 2                  ; 2                  ;
; PowerPlay Power Optimization                                               ; Normal compilation ; Normal compilation ;
; HDL message level                                                          ; Level2             ; Level2             ;
; Suppress Register Optimization Related Messages                            ; Off                ; Off                ;
; Number of Removed Registers Reported in Synthesis Report                   ; 5000               ; 5000               ;
; Number of Inverted Registers Reported in Synthesis Report                  ; 100                ; 100                ;
; Clock MUX Protection                                                       ; On                 ; On                 ;
; Auto Gated Clock Conversion                                                ; Off                ; Off                ;
; Block Design Naming                                                        ; Auto               ; Auto               ;
; SDC constraint protection                                                  ; Off                ; Off                ;
; Synthesis Effort                                                           ; Auto               ; Auto               ;
; Shift Register Replacement - Allow Asynchronous Clear Signal               ; On                 ; On                 ;
; Analysis & Synthesis Message Level                                         ; Medium             ; Medium             ;
; Disable Register Merging Across Hierarchies                                ; Auto               ; Auto               ;
; Resource Aware Inference For Block RAM                                     ; On                 ; On                 ;
; Synthesis Seed                                                             ; 1                  ; 1                  ;
+----------------------------------------------------------------------------+--------------------+--------------------+


Parallel compilation was disabled, but you have multiple processors available. Enable parallel compilation to reduce compilation time.
+-------------------------------------+
; Parallel Compilation                ;
+----------------------------+--------+
; Processors                 ; Number ;
+----------------------------+--------+
; Number detected on machine ; 4      ;
; Maximum allowed            ; 1      ;
+----------------------------+--------+


+------------------------------------------------------------------------------------------------------------------------------------------------------------------------------------+
; Analysis & Synthesis Source Files Read                                                                                                                                             ;
+----------------------------------+-----------------+------------------------------------+------------------------------------------------------------------------------------------+
; File Name with User-Entered Path ; Used in Netlist ; File Type                          ; File Name with Absolute Path                                                             ;
+----------------------------------+-----------------+------------------------------------+------------------------------------------------------------------------------------------+
; RX_REG.vhd                       ; yes             ; User Wizard-Generated File         ; C:/Users/Edoardo Bollea/Desktop/RR_project/uartRX/uartRX_quartus/RX_REG.vhd              ;
; uartRX_DP.bdf                    ; yes             ; User Block Diagram/Schematic File  ; C:/Users/Edoardo Bollea/Desktop/RR_project/uartRX/uartRX_quartus/uartRX_DP.bdf           ;
; uartRX.bdf                       ; yes             ; User Block Diagram/Schematic File  ; C:/Users/Edoardo Bollea/Desktop/RR_project/uartRX/uartRX_quartus/uartRX.bdf              ;
; voter.vhd                        ; yes             ; User VHDL File                     ; C:/Users/Edoardo Bollea/Desktop/RR_project/uartRX/uartRX_quartus/voter.vhd               ;
; uartRX_CU.vhd                    ; yes             ; User VHDL File                     ; C:/Users/Edoardo Bollea/Desktop/RR_project/uartRX/uartRX_quartus/uartRX_CU.vhd           ;
; terminal_counter_8.vhd           ; yes             ; User VHDL File                     ; C:/Users/Edoardo Bollea/Desktop/RR_project/uartRX/uartRX_quartus/terminal_counter_8.vhd  ;
; terminal_counter_26.vhd          ; yes             ; User VHDL File                     ; C:/Users/Edoardo Bollea/Desktop/RR_project/uartRX/uartRX_quartus/terminal_counter_26.vhd ;
; terminal_counter_12.vhd          ; yes             ; User VHDL File                     ; C:/Users/Edoardo Bollea/Desktop/RR_project/uartRX/uartRX_quartus/terminal_counter_12.vhd ;
; start_bit_detector.vhd           ; yes             ; User VHDL File                     ; C:/Users/Edoardo Bollea/Desktop/RR_project/uartRX/uartRX_quartus/start_bit_detector.vhd  ;
; DOUT_REG.vhd                     ; yes             ; User Wizard-Generated File         ; C:/Users/Edoardo Bollea/Desktop/RR_project/uartRX/uartRX_quartus/DOUT_REG.vhd            ;
; CNT_8.vhd                        ; yes             ; User Wizard-Generated File         ; C:/Users/Edoardo Bollea/Desktop/RR_project/uartRX/uartRX_quartus/CNT_8.vhd               ;
; CNT_26.vhd                       ; yes             ; User Wizard-Generated File         ; C:/Users/Edoardo Bollea/Desktop/RR_project/uartRX/uartRX_quartus/CNT_26.vhd              ;
; CNT_12.vhd                       ; yes             ; User Wizard-Generated File         ; C:/Users/Edoardo Bollea/Desktop/RR_project/uartRX/uartRX_quartus/CNT_12.vhd              ;
; lpm_shiftreg.tdf                 ; yes             ; Megafunction                       ; c:/altera/11.1sp2/quartus/libraries/megafunctions/lpm_shiftreg.tdf                       ;
; lpm_constant.inc                 ; yes             ; Megafunction                       ; c:/altera/11.1sp2/quartus/libraries/megafunctions/lpm_constant.inc                       ;
; dffeea.inc                       ; yes             ; Megafunction                       ; c:/altera/11.1sp2/quartus/libraries/megafunctions/dffeea.inc                             ;
; aglobal111.inc                   ; yes             ; Megafunction                       ; c:/altera/11.1sp2/quartus/libraries/megafunctions/aglobal111.inc                         ;
; lpm_counter.tdf                  ; yes             ; Megafunction                       ; c:/altera/11.1sp2/quartus/libraries/megafunctions/lpm_counter.tdf                        ;
; lpm_decode.inc                   ; yes             ; Megafunction                       ; c:/altera/11.1sp2/quartus/libraries/megafunctions/lpm_decode.inc                         ;
; lpm_add_sub.inc                  ; yes             ; Megafunction                       ; c:/altera/11.1sp2/quartus/libraries/megafunctions/lpm_add_sub.inc                        ;
; cmpconst.inc                     ; yes             ; Megafunction                       ; c:/altera/11.1sp2/quartus/libraries/megafunctions/cmpconst.inc                           ;
; lpm_compare.inc                  ; yes             ; Megafunction                       ; c:/altera/11.1sp2/quartus/libraries/megafunctions/lpm_compare.inc                        ;
; lpm_counter.inc                  ; yes             ; Megafunction                       ; c:/altera/11.1sp2/quartus/libraries/megafunctions/lpm_counter.inc                        ;
; alt_counter_stratix.inc          ; yes             ; Megafunction                       ; c:/altera/11.1sp2/quartus/libraries/megafunctions/alt_counter_stratix.inc                ;
; db/cntr_4oi.tdf                  ; yes             ; Auto-Generated Megafunction        ; C:/Users/Edoardo Bollea/Desktop/RR_project/uartRX/uartRX_quartus/db/cntr_4oi.tdf         ;
; db/cntr_3oi.tdf                  ; yes             ; Auto-Generated Megafunction        ; C:/Users/Edoardo Bollea/Desktop/RR_project/uartRX/uartRX_quartus/db/cntr_3oi.tdf         ;
; db/cntr_gnj.tdf                  ; yes             ; Auto-Generated Megafunction        ; C:/Users/Edoardo Bollea/Desktop/RR_project/uartRX/uartRX_quartus/db/cntr_gnj.tdf         ;
+----------------------------------+-----------------+------------------------------------+------------------------------------------------------------------------------------------+


+-----------------------------------------------------+
; Analysis & Synthesis Resource Usage Summary         ;
+---------------------------------------------+-------+
; Resource                                    ; Usage ;
+---------------------------------------------+-------+
; Estimated Total logic elements              ; 64    ;
;                                             ;       ;
; Total combinational functions               ; 64    ;
; Logic element usage by number of LUT inputs ;       ;
;     -- 4 input functions                    ; 29    ;
;     -- 3 input functions                    ; 15    ;
;     -- <=2 input functions                  ; 20    ;
;                                             ;       ;
; Logic elements by mode                      ;       ;
;     -- normal mode                          ; 54    ;
;     -- arithmetic mode                      ; 10    ;
;                                             ;       ;
; Total registers                             ; 41    ;
;     -- Dedicated logic registers            ; 41    ;
;     -- I/O registers                        ; 0     ;
;                                             ;       ;
; I/O pins                                    ; 13    ;
; Maximum fan-out node                        ; CK    ;
; Maximum fan-out                             ; 41    ;
; Total fan-out                               ; 348   ;
; Average fan-out                             ; 2.95  ;
+---------------------------------------------+-------+


+----------------------------------------------------------------------------------------------------------------------------------------------------------------------------------------------------------------------------------------------------------------------------+
; Analysis & Synthesis Resource Utilization by Entity                                                                                                                                                                                                                        ;
+------------------------------------------------+-------------------+--------------+-------------+--------------+---------+-----------+------+--------------+------------------------------------------------------------------------------------------------+--------------+
; Compilation Hierarchy Node                     ; LC Combinationals ; LC Registers ; Memory Bits ; DSP Elements ; DSP 9x9 ; DSP 18x18 ; Pins ; Virtual Pins ; Full Hierarchy Name                                                                            ; Library Name ;
+------------------------------------------------+-------------------+--------------+-------------+--------------+---------+-----------+------+--------------+------------------------------------------------------------------------------------------------+--------------+
; |uartRX                                        ; 64 (1)            ; 41 (0)       ; 0           ; 0            ; 0       ; 0         ; 13   ; 0            ; |uartRX                                                                                        ;              ;
;    |uartRX_CU:inst6|                           ; 21 (21)           ; 12 (12)      ; 0           ; 0            ; 0       ; 0         ; 0    ; 0            ; |uartRX|uartRX_CU:inst6                                                                        ;              ;
;    |uartRX_DP:inst|                            ; 42 (0)            ; 29 (0)       ; 0           ; 0            ; 0       ; 0         ; 0    ; 0            ; |uartRX|uartRX_DP:inst                                                                         ;              ;
;       |CNT_12:inst15|                          ; 6 (0)             ; 4 (0)        ; 0           ; 0            ; 0       ; 0         ; 0    ; 0            ; |uartRX|uartRX_DP:inst|CNT_12:inst15                                                           ;              ;
;          |lpm_counter:LPM_COUNTER_component|   ; 6 (0)             ; 4 (0)        ; 0           ; 0            ; 0       ; 0         ; 0    ; 0            ; |uartRX|uartRX_DP:inst|CNT_12:inst15|lpm_counter:LPM_COUNTER_component                         ;              ;
;             |cntr_gnj:auto_generated|          ; 6 (6)             ; 4 (4)        ; 0           ; 0            ; 0       ; 0         ; 0    ; 0            ; |uartRX|uartRX_DP:inst|CNT_12:inst15|lpm_counter:LPM_COUNTER_component|cntr_gnj:auto_generated ;              ;
;       |CNT_26:inst14|                          ; 5 (0)             ; 5 (0)        ; 0           ; 0            ; 0       ; 0         ; 0    ; 0            ; |uartRX|uartRX_DP:inst|CNT_26:inst14                                                           ;              ;
;          |lpm_counter:LPM_COUNTER_component|   ; 5 (0)             ; 5 (0)        ; 0           ; 0            ; 0       ; 0         ; 0    ; 0            ; |uartRX|uartRX_DP:inst|CNT_26:inst14|lpm_counter:LPM_COUNTER_component                         ;              ;
;             |cntr_4oi:auto_generated|          ; 5 (5)             ; 5 (5)        ; 0           ; 0            ; 0       ; 0         ; 0    ; 0            ; |uartRX|uartRX_DP:inst|CNT_26:inst14|lpm_counter:LPM_COUNTER_component|cntr_4oi:auto_generated ;              ;
;       |CNT_8:inst3|                            ; 5 (0)             ; 4 (0)        ; 0           ; 0            ; 0       ; 0         ; 0    ; 0            ; |uartRX|uartRX_DP:inst|CNT_8:inst3                                                             ;              ;
;          |lpm_counter:LPM_COUNTER_component|   ; 5 (0)             ; 4 (0)        ; 0           ; 0            ; 0       ; 0         ; 0    ; 0            ; |uartRX|uartRX_DP:inst|CNT_8:inst3|lpm_counter:LPM_COUNTER_component                           ;              ;
;             |cntr_3oi:auto_generated|          ; 5 (5)             ; 4 (4)        ; 0           ; 0            ; 0       ; 0         ; 0    ; 0            ; |uartRX|uartRX_DP:inst|CNT_8:inst3|lpm_counter:LPM_COUNTER_component|cntr_3oi:auto_generated   ;              ;
;       |DOUT_REG:inst9|                         ; 8 (0)             ; 8 (0)        ; 0           ; 0            ; 0       ; 0         ; 0    ; 0            ; |uartRX|uartRX_DP:inst|DOUT_REG:inst9                                                          ;              ;
;          |lpm_shiftreg:LPM_SHIFTREG_component| ; 8 (8)             ; 8 (8)        ; 0           ; 0            ; 0       ; 0         ; 0    ; 0            ; |uartRX|uartRX_DP:inst|DOUT_REG:inst9|lpm_shiftreg:LPM_SHIFTREG_component                      ;              ;
;       |RX_REG:inst8|                           ; 8 (0)             ; 8 (0)        ; 0           ; 0            ; 0       ; 0         ; 0    ; 0            ; |uartRX|uartRX_DP:inst|RX_REG:inst8                                                            ;              ;
;          |lpm_shiftreg:LPM_SHIFTREG_component| ; 8 (8)             ; 8 (8)        ; 0           ; 0            ; 0       ; 0         ; 0    ; 0            ; |uartRX|uartRX_DP:inst|RX_REG:inst8|lpm_shiftreg:LPM_SHIFTREG_component                        ;              ;
;       |start_bit_detector:inst|                ; 3 (3)             ; 0 (0)        ; 0           ; 0            ; 0       ; 0         ; 0    ; 0            ; |uartRX|uartRX_DP:inst|start_bit_detector:inst                                                 ;              ;
;       |terminal_counter_12:inst6|              ; 1 (1)             ; 0 (0)        ; 0           ; 0            ; 0       ; 0         ; 0    ; 0            ; |uartRX|uartRX_DP:inst|terminal_counter_12:inst6                                               ;              ;
;       |terminal_counter_26:inst4|              ; 2 (2)             ; 0 (0)        ; 0           ; 0            ; 0       ; 0         ; 0    ; 0            ; |uartRX|uartRX_DP:inst|terminal_counter_26:inst4                                               ;              ;
;       |terminal_counter_8:inst5|               ; 1 (1)             ; 0 (0)        ; 0           ; 0            ; 0       ; 0         ; 0    ; 0            ; |uartRX|uartRX_DP:inst|terminal_counter_8:inst5                                                ;              ;
;       |voter:inst1|                            ; 3 (3)             ; 0 (0)        ; 0           ; 0            ; 0       ; 0         ; 0    ; 0            ; |uartRX|uartRX_DP:inst|voter:inst1                                                             ;              ;
+------------------------------------------------+-------------------+--------------+-------------+--------------+---------+-----------+------+--------------+------------------------------------------------------------------------------------------------+--------------+
Note: For table entries with two numbers listed, the numbers in parentheses indicate the number of resources of the given type used by the specific entity alone. The numbers listed outside of parentheses indicate the total resources of the given type used by the specific entity and all of its sub-entities in the hierarchy.


+---------------------------------------------------------------------------------------------------------------------------------------------------------------------------------------+
; Analysis & Synthesis IP Cores Summary                                                                                                                                                 ;
+--------+--------------+---------+--------------+--------------+---------------------------------------+-------------------------------------------------------------------------------+
; Vendor ; IP Core Name ; Version ; Release Date ; License Type ; Entity Instance                       ; IP Include File                                                               ;
+--------+--------------+---------+--------------+--------------+---------------------------------------+-------------------------------------------------------------------------------+
; Altera ; LPM_COUNTER  ; 11.1    ; N/A          ; N/A          ; |uartRX|uartRX_DP:inst|CNT_12:inst15  ; C:/Users/Edoardo Bollea/Desktop/RR_project/uartRX/uartRX_quartus/CNT_12.vhd   ;
; Altera ; LPM_COUNTER  ; 11.1    ; N/A          ; N/A          ; |uartRX|uartRX_DP:inst|CNT_26:inst14  ; C:/Users/Edoardo Bollea/Desktop/RR_project/uartRX/uartRX_quartus/CNT_26.vhd   ;
; Altera ; LPM_COUNTER  ; 11.1    ; N/A          ; N/A          ; |uartRX|uartRX_DP:inst|CNT_8:inst3    ; C:/Users/Edoardo Bollea/Desktop/RR_project/uartRX/uartRX_quartus/CNT_8.vhd    ;
; Altera ; LPM_SHIFTREG ; 11.1    ; N/A          ; N/A          ; |uartRX|uartRX_DP:inst|DOUT_REG:inst9 ; C:/Users/Edoardo Bollea/Desktop/RR_project/uartRX/uartRX_quartus/DOUT_REG.vhd ;
; Altera ; LPM_SHIFTREG ; N/A     ; N/A          ; N/A          ; |uartRX|uartRX_DP:inst|RX_REG:inst8   ; C:/Users/Edoardo Bollea/Desktop/RR_project/uartRX/uartRX_quartus/RX_REG.vhd   ;
+--------+--------------+---------+--------------+--------------+---------------------------------------+-------------------------------------------------------------------------------+


Encoding Type:  One-Hot
+----------------------------------------------------------------------------------------------------------------------------------------------------------------------------------------------------------------------------------------------------------------------------------------------------------------------------------------------------------------------+
; State Machine - |uartRX|uartRX_CU:inst6|PRESENT_STATE                                                                                                                                                                                                                                                                                                                ;
+----------------------------------+--------------------------+-------------------------------+----------------------------------+------------------------------+--------------------------+--------------------------+----------------------+--------------------------+----------------------+--------------------------+----------------------+---------------------+
; Name                             ; PRESENT_STATE.SHIFT_IN_4 ; PRESENT_STATE.END_STATE_COUNT ; PRESENT_STATE.END_STATE_SHIFT_IN ; PRESENT_STATE.DATA_AVAILABLE ; PRESENT_STATE.SHIFT_DOUT ; PRESENT_STATE.SHIFT_IN_3 ; PRESENT_STATE.IDLE_3 ; PRESENT_STATE.SHIFT_IN_2 ; PRESENT_STATE.IDLE_2 ; PRESENT_STATE.SHIFT_IN_1 ; PRESENT_STATE.IDLE_1 ; PRESENT_STATE.RESET ;
+----------------------------------+--------------------------+-------------------------------+----------------------------------+------------------------------+--------------------------+--------------------------+----------------------+--------------------------+----------------------+--------------------------+----------------------+---------------------+
; PRESENT_STATE.RESET              ; 0                        ; 0                             ; 0                                ; 0                            ; 0                        ; 0                        ; 0                    ; 0                        ; 0                    ; 0                        ; 0                    ; 0                   ;
; PRESENT_STATE.IDLE_1             ; 0                        ; 0                             ; 0                                ; 0                            ; 0                        ; 0                        ; 0                    ; 0                        ; 0                    ; 0                        ; 1                    ; 1                   ;
; PRESENT_STATE.SHIFT_IN_1         ; 0                        ; 0                             ; 0                                ; 0                            ; 0                        ; 0                        ; 0                    ; 0                        ; 0                    ; 1                        ; 0                    ; 1                   ;
; PRESENT_STATE.IDLE_2             ; 0                        ; 0                             ; 0                                ; 0                            ; 0                        ; 0                        ; 0                    ; 0                        ; 1                    ; 0                        ; 0                    ; 1                   ;
; PRESENT_STATE.SHIFT_IN_2         ; 0                        ; 0                             ; 0                                ; 0                            ; 0                        ; 0                        ; 0                    ; 1                        ; 0                    ; 0                        ; 0                    ; 1                   ;
; PRESENT_STATE.IDLE_3             ; 0                        ; 0                             ; 0                                ; 0                            ; 0                        ; 0                        ; 1                    ; 0                        ; 0                    ; 0                        ; 0                    ; 1                   ;
; PRESENT_STATE.SHIFT_IN_3         ; 0                        ; 0                             ; 0                                ; 0                            ; 0                        ; 1                        ; 0                    ; 0                        ; 0                    ; 0                        ; 0                    ; 1                   ;
; PRESENT_STATE.SHIFT_DOUT         ; 0                        ; 0                             ; 0                                ; 0                            ; 1                        ; 0                        ; 0                    ; 0                        ; 0                    ; 0                        ; 0                    ; 1                   ;
; PRESENT_STATE.DATA_AVAILABLE     ; 0                        ; 0                             ; 0                                ; 1                            ; 0                        ; 0                        ; 0                    ; 0                        ; 0                    ; 0                        ; 0                    ; 1                   ;
; PRESENT_STATE.END_STATE_SHIFT_IN ; 0                        ; 0                             ; 1                                ; 0                            ; 0                        ; 0                        ; 0                    ; 0                        ; 0                    ; 0                        ; 0                    ; 1                   ;
; PRESENT_STATE.END_STATE_COUNT    ; 0                        ; 1                             ; 0                                ; 0                            ; 0                        ; 0                        ; 0                    ; 0                        ; 0                    ; 0                        ; 0                    ; 1                   ;
; PRESENT_STATE.SHIFT_IN_4         ; 1                        ; 0                             ; 0                                ; 0                            ; 0                        ; 0                        ; 0                    ; 0                        ; 0                    ; 0                        ; 0                    ; 1                   ;
+----------------------------------+--------------------------+-------------------------------+----------------------------------+------------------------------+--------------------------+--------------------------+----------------------+--------------------------+----------------------+--------------------------+----------------------+---------------------+


+------------------------------------------------------+
; General Register Statistics                          ;
+----------------------------------------------+-------+
; Statistic                                    ; Value ;
+----------------------------------------------+-------+
; Total registers                              ; 41    ;
; Number of registers using Synchronous Clear  ; 0     ;
; Number of registers using Synchronous Load   ; 13    ;
; Number of registers using Asynchronous Clear ; 12    ;
; Number of registers using Asynchronous Load  ; 0     ;
; Number of registers using Clock Enable       ; 24    ;
; Number of registers using Preset             ; 0     ;
+----------------------------------------------+-------+


+-------------------------------------------------------------------------------------------------------------------------------------------------------------------------------------+
; Multiplexer Restructuring Statistics (Restructuring Performed)                                                                                                                      ;
+--------------------+-----------+---------------+----------------------+------------------------+-------------------------------------------------------+----------------------------+
; Multiplexer Inputs ; Bus Width ; Baseline Area ; Area if Restructured ; Saving if Restructured ; Registered                                            ; Example Multiplexer Output ;
+--------------------+-----------+---------------+----------------------+------------------------+-------------------------------------------------------+----------------------------+
; 3:1                ; 2 bits    ; 4 LEs         ; 2 LEs                ; 2 LEs                  ; |uartRX|uartRX_CU:inst6|NEXT_STATE.END_STATE_SHIFT_IN ;                            ;
+--------------------+-----------+---------------+----------------------+------------------------+-------------------------------------------------------+----------------------------+


+--------------------------------------------------------------------------------------------------------------+
; Parameter Settings for User Entity Instance: uartRX_DP:inst|RX_REG:inst8|lpm_shiftreg:LPM_SHIFTREG_component ;
+------------------------+------------+------------------------------------------------------------------------+
; Parameter Name         ; Value      ; Type                                                                   ;
+------------------------+------------+------------------------------------------------------------------------+
; LPM_WIDTH              ; 8          ; Signed Integer                                                         ;
; LPM_DIRECTION          ; RIGHT      ; Untyped                                                                ;
; LPM_AVALUE             ; UNUSED     ; Untyped                                                                ;
; LPM_SVALUE             ; UNUSED     ; Untyped                                                                ;
; DEVICE_FAMILY          ; Cyclone II ; Untyped                                                                ;
; AUTO_CARRY_CHAINS      ; ON         ; AUTO_CARRY                                                             ;
; IGNORE_CARRY_BUFFERS   ; OFF        ; IGNORE_CARRY                                                           ;
; AUTO_CASCADE_CHAINS    ; ON         ; AUTO_CASCADE                                                           ;
; IGNORE_CASCADE_BUFFERS ; OFF        ; IGNORE_CASCADE                                                         ;
+------------------------+------------+------------------------------------------------------------------------+
Note: In order to hide this table in the UI and the text report file, please set the "Show Parameter Settings in Synthesis Report" option in "Analysis and Synthesis Settings -> More Settings" to "Off".


+-------------------------------------------------------------------------------------------------------------+
; Parameter Settings for User Entity Instance: uartRX_DP:inst|CNT_26:inst14|lpm_counter:LPM_COUNTER_component ;
+------------------------+-------------+----------------------------------------------------------------------+
; Parameter Name         ; Value       ; Type                                                                 ;
+------------------------+-------------+----------------------------------------------------------------------+
; AUTO_CARRY_CHAINS      ; ON          ; AUTO_CARRY                                                           ;
; IGNORE_CARRY_BUFFERS   ; OFF         ; IGNORE_CARRY                                                         ;
; AUTO_CASCADE_CHAINS    ; ON          ; AUTO_CASCADE                                                         ;
; IGNORE_CASCADE_BUFFERS ; OFF         ; IGNORE_CASCADE                                                       ;
; LPM_WIDTH              ; 5           ; Signed Integer                                                       ;
; LPM_DIRECTION          ; UP          ; Untyped                                                              ;
; LPM_MODULUS            ; 0           ; Untyped                                                              ;
; LPM_AVALUE             ; UNUSED      ; Untyped                                                              ;
; LPM_SVALUE             ; UNUSED      ; Untyped                                                              ;
; LPM_PORT_UPDOWN        ; PORT_UNUSED ; Untyped                                                              ;
; DEVICE_FAMILY          ; Cyclone II  ; Untyped                                                              ;
; CARRY_CHAIN            ; MANUAL      ; Untyped                                                              ;
; CARRY_CHAIN_LENGTH     ; 48          ; CARRY_CHAIN_LENGTH                                                   ;
; NOT_GATE_PUSH_BACK     ; ON          ; NOT_GATE_PUSH_BACK                                                   ;
; CARRY_CNT_EN           ; SMART       ; Untyped                                                              ;
; LABWIDE_SCLR           ; ON          ; Untyped                                                              ;
; USE_NEW_VERSION        ; TRUE        ; Untyped                                                              ;
; CBXI_PARAMETER         ; cntr_4oi    ; Untyped                                                              ;
+------------------------+-------------+----------------------------------------------------------------------+
Note: In order to hide this table in the UI and the text report file, please set the "Show Parameter Settings in Synthesis Report" option in "Analysis and Synthesis Settings -> More Settings" to "Off".


+-----------------------------------------------------------------------------------------------------------+
; Parameter Settings for User Entity Instance: uartRX_DP:inst|CNT_8:inst3|lpm_counter:LPM_COUNTER_component ;
+------------------------+-------------+--------------------------------------------------------------------+
; Parameter Name         ; Value       ; Type                                                               ;
+------------------------+-------------+--------------------------------------------------------------------+
; AUTO_CARRY_CHAINS      ; ON          ; AUTO_CARRY                                                         ;
; IGNORE_CARRY_BUFFERS   ; OFF         ; IGNORE_CARRY                                                       ;
; AUTO_CASCADE_CHAINS    ; ON          ; AUTO_CASCADE                                                       ;
; IGNORE_CASCADE_BUFFERS ; OFF         ; IGNORE_CASCADE                                                     ;
; LPM_WIDTH              ; 4           ; Signed Integer                                                     ;
; LPM_DIRECTION          ; UP          ; Untyped                                                            ;
; LPM_MODULUS            ; 0           ; Untyped                                                            ;
; LPM_AVALUE             ; UNUSED      ; Untyped                                                            ;
; LPM_SVALUE             ; UNUSED      ; Untyped                                                            ;
; LPM_PORT_UPDOWN        ; PORT_UNUSED ; Untyped                                                            ;
; DEVICE_FAMILY          ; Cyclone II  ; Untyped                                                            ;
; CARRY_CHAIN            ; MANUAL      ; Untyped                                                            ;
; CARRY_CHAIN_LENGTH     ; 48          ; CARRY_CHAIN_LENGTH                                                 ;
; NOT_GATE_PUSH_BACK     ; ON          ; NOT_GATE_PUSH_BACK                                                 ;
; CARRY_CNT_EN           ; SMART       ; Untyped                                                            ;
; LABWIDE_SCLR           ; ON          ; Untyped                                                            ;
; USE_NEW_VERSION        ; TRUE        ; Untyped                                                            ;
; CBXI_PARAMETER         ; cntr_3oi    ; Untyped                                                            ;
+------------------------+-------------+--------------------------------------------------------------------+
Note: In order to hide this table in the UI and the text report file, please set the "Show Parameter Settings in Synthesis Report" option in "Analysis and Synthesis Settings -> More Settings" to "Off".


+-------------------------------------------------------------------------------------------------------------+
; Parameter Settings for User Entity Instance: uartRX_DP:inst|CNT_12:inst15|lpm_counter:LPM_COUNTER_component ;
+------------------------+-------------+----------------------------------------------------------------------+
; Parameter Name         ; Value       ; Type                                                                 ;
+------------------------+-------------+----------------------------------------------------------------------+
; AUTO_CARRY_CHAINS      ; ON          ; AUTO_CARRY                                                           ;
; IGNORE_CARRY_BUFFERS   ; OFF         ; IGNORE_CARRY                                                         ;
; AUTO_CASCADE_CHAINS    ; ON          ; AUTO_CASCADE                                                         ;
; IGNORE_CASCADE_BUFFERS ; OFF         ; IGNORE_CASCADE                                                       ;
; LPM_WIDTH              ; 4           ; Signed Integer                                                       ;
; LPM_DIRECTION          ; UP          ; Untyped                                                              ;
; LPM_MODULUS            ; 0           ; Untyped                                                              ;
; LPM_AVALUE             ; UNUSED      ; Untyped                                                              ;
; LPM_SVALUE             ; UNUSED      ; Untyped                                                              ;
; LPM_PORT_UPDOWN        ; PORT_UNUSED ; Untyped                                                              ;
; DEVICE_FAMILY          ; Cyclone II  ; Untyped                                                              ;
; CARRY_CHAIN            ; MANUAL      ; Untyped                                                              ;
; CARRY_CHAIN_LENGTH     ; 48          ; CARRY_CHAIN_LENGTH                                                   ;
; NOT_GATE_PUSH_BACK     ; ON          ; NOT_GATE_PUSH_BACK                                                   ;
; CARRY_CNT_EN           ; SMART       ; Untyped                                                              ;
; LABWIDE_SCLR           ; ON          ; Untyped                                                              ;
; USE_NEW_VERSION        ; TRUE        ; Untyped                                                              ;
; CBXI_PARAMETER         ; cntr_gnj    ; Untyped                                                              ;
+------------------------+-------------+----------------------------------------------------------------------+
Note: In order to hide this table in the UI and the text report file, please set the "Show Parameter Settings in Synthesis Report" option in "Analysis and Synthesis Settings -> More Settings" to "Off".


+----------------------------------------------------------------------------------------------------------------+
; Parameter Settings for User Entity Instance: uartRX_DP:inst|DOUT_REG:inst9|lpm_shiftreg:LPM_SHIFTREG_component ;
+------------------------+------------+--------------------------------------------------------------------------+
; Parameter Name         ; Value      ; Type                                                                     ;
+------------------------+------------+--------------------------------------------------------------------------+
; LPM_WIDTH              ; 8          ; Signed Integer                                                           ;
; LPM_DIRECTION          ; RIGHT      ; Untyped                                                                  ;
; LPM_AVALUE             ; UNUSED     ; Untyped                                                                  ;
; LPM_SVALUE             ; UNUSED     ; Untyped                                                                  ;
; DEVICE_FAMILY          ; Cyclone II ; Untyped                                                                  ;
; AUTO_CARRY_CHAINS      ; ON         ; AUTO_CARRY                                                               ;
; IGNORE_CARRY_BUFFERS   ; OFF        ; IGNORE_CARRY                                                             ;
; AUTO_CASCADE_CHAINS    ; ON         ; AUTO_CASCADE                                                             ;
; IGNORE_CASCADE_BUFFERS ; OFF        ; IGNORE_CASCADE                                                           ;
+------------------------+------------+--------------------------------------------------------------------------+
Note: In order to hide this table in the UI and the text report file, please set the "Show Parameter Settings in Synthesis Report" option in "Analysis and Synthesis Settings -> More Settings" to "Off".


+------------------------------------------------------------------------------------------------+
; lpm_shiftreg Parameter Settings by Entity Instance                                             ;
+----------------------------+-------------------------------------------------------------------+
; Name                       ; Value                                                             ;
+----------------------------+-------------------------------------------------------------------+
; Number of entity instances ; 2                                                                 ;
; Entity Instance            ; uartRX_DP:inst|RX_REG:inst8|lpm_shiftreg:LPM_SHIFTREG_component   ;
;     -- LPM_WIDTH           ; 8                                                                 ;
;     -- LPM_DIRECTION       ; RIGHT                                                             ;
; Entity Instance            ; uartRX_DP:inst|DOUT_REG:inst9|lpm_shiftreg:LPM_SHIFTREG_component ;
;     -- LPM_WIDTH           ; 8                                                                 ;
;     -- LPM_DIRECTION       ; RIGHT                                                             ;
+----------------------------+-------------------------------------------------------------------+


+-------------------------------+
; Elapsed Time Per Partition    ;
+----------------+--------------+
; Partition Name ; Elapsed Time ;
+----------------+--------------+
; Top            ; 00:00:01     ;
+----------------+--------------+


+-------------------------------+
; Analysis & Synthesis Messages ;
+-------------------------------+
Info: *******************************************************************
Info: Running Quartus II 32-bit Analysis & Synthesis
    Info: Version 11.1 Build 259 01/25/2012 Service Pack 2 SJ Web Edition
    Info: Processing started: Wed Feb 13 13:28:11 2019
Info: Command: quartus_map --read_settings_files=on --write_settings_files=off uartRX -c uartRX
Warning (20028): Parallel compilation is not licensed and has been disabled
Info (12021): Found 2 design units, including 1 entities, in source file rx_reg.vhd
    Info (12022): Found design unit 1: RX_REG-SYN
    Info (12023): Found entity 1: RX_REG
Info (12021): Found 1 design units, including 1 entities, in source file uartrx_dp.bdf
    Info (12023): Found entity 1: uartRX_DP
Info (12021): Found 1 design units, including 1 entities, in source file uartrx.bdf
    Info (12023): Found entity 1: uartRX
Info (12021): Found 2 design units, including 1 entities, in source file voter.vhd
    Info (12022): Found design unit 1: voter-structural
    Info (12023): Found entity 1: voter
Info (12021): Found 2 design units, including 1 entities, in source file uartrx_cu.vhd
    Info (12022): Found design unit 1: uartRX_CU-behavioural
    Info (12023): Found entity 1: uartRX_CU
Info (12021): Found 2 design units, including 1 entities, in source file terminal_counter_8.vhd
    Info (12022): Found design unit 1: terminal_counter_8-structural
    Info (12023): Found entity 1: terminal_counter_8
Info (12021): Found 2 design units, including 1 entities, in source file terminal_counter_26.vhd
    Info (12022): Found design unit 1: terminal_counter_26-structural
    Info (12023): Found entity 1: terminal_counter_26
Info (12021): Found 2 design units, including 1 entities, in source file terminal_counter_12.vhd
    Info (12022): Found design unit 1: terminal_counter_12-structural
    Info (12023): Found entity 1: terminal_counter_12
Info (12021): Found 2 design units, including 1 entities, in source file start_bit_detector.vhd
    Info (12022): Found design unit 1: start_bit_detector-structural
    Info (12023): Found entity 1: start_bit_detector
Info (12021): Found 2 design units, including 1 entities, in source file lpm_counter2.vhd
    Info (12022): Found design unit 1: lpm_counter2-SYN
    Info (12023): Found entity 1: lpm_counter2
Info (12021): Found 2 design units, including 1 entities, in source file lpm_counter0.vhd
    Info (12022): Found design unit 1: lpm_counter0-SYN
    Info (12023): Found entity 1: lpm_counter0
Info (12021): Found 2 design units, including 1 entities, in source file dout_reg.vhd
    Info (12022): Found design unit 1: dout_reg-SYN
    Info (12023): Found entity 1: DOUT_REG
Info (12021): Found 2 design units, including 1 entities, in source file cnt_8.vhd
    Info (12022): Found design unit 1: cnt_8-SYN
    Info (12023): Found entity 1: CNT_8
Info (12021): Found 2 design units, including 1 entities, in source file cnt_26.vhd
    Info (12022): Found design unit 1: cnt_26-SYN
    Info (12023): Found entity 1: CNT_26
Info (12021): Found 2 design units, including 1 entities, in source file cnt_12.vhd
    Info (12022): Found design unit 1: cnt_12-SYN
    Info (12023): Found entity 1: CNT_12
Info (12127): Elaborating entity "uartRX" for the top level hierarchy
Info (12128): Elaborating entity "uartRX_CU" for hierarchy "uartRX_CU:inst6"
Info (12128): Elaborating entity "uartRX_DP" for hierarchy "uartRX_DP:inst"
Info (12128): Elaborating entity "voter" for hierarchy "uartRX_DP:inst|voter:inst1"
Info (12128): Elaborating entity "RX_REG" for hierarchy "uartRX_DP:inst|RX_REG:inst8"
Info (12128): Elaborating entity "lpm_shiftreg" for hierarchy "uartRX_DP:inst|RX_REG:inst8|lpm_shiftreg:LPM_SHIFTREG_component"
Info (12130): Elaborated megafunction instantiation "uartRX_DP:inst|RX_REG:inst8|lpm_shiftreg:LPM_SHIFTREG_component"
Info (12133): Instantiated megafunction "uartRX_DP:inst|RX_REG:inst8|lpm_shiftreg:LPM_SHIFTREG_component" with the following parameter:
    Info (12134): Parameter "lpm_direction" = "RIGHT"
    Info (12134): Parameter "lpm_type" = "LPM_SHIFTREG"
    Info (12134): Parameter "lpm_width" = "8"
Info (12128): Elaborating entity "start_bit_detector" for hierarchy "uartRX_DP:inst|start_bit_detector:inst"
Info (12128): Elaborating entity "terminal_counter_26" for hierarchy "uartRX_DP:inst|terminal_counter_26:inst4"
Info (12128): Elaborating entity "CNT_26" for hierarchy "uartRX_DP:inst|CNT_26:inst14"
Info (12128): Elaborating entity "lpm_counter" for hierarchy "uartRX_DP:inst|CNT_26:inst14|lpm_counter:LPM_COUNTER_component"
Info (12130): Elaborated megafunction instantiation "uartRX_DP:inst|CNT_26:inst14|lpm_counter:LPM_COUNTER_component"
Info (12133): Instantiated megafunction "uartRX_DP:inst|CNT_26:inst14|lpm_counter:LPM_COUNTER_component" with the following parameter:
    Info (12134): Parameter "lpm_direction" = "UP"
    Info (12134): Parameter "lpm_port_updown" = "PORT_UNUSED"
    Info (12134): Parameter "lpm_type" = "LPM_COUNTER"
    Info (12134): Parameter "lpm_width" = "5"
Info (12021): Found 1 design units, including 1 entities, in source file db/cntr_4oi.tdf
    Info (12023): Found entity 1: cntr_4oi
Info (12128): Elaborating entity "cntr_4oi" for hierarchy "uartRX_DP:inst|CNT_26:inst14|lpm_counter:LPM_COUNTER_component|cntr_4oi:auto_generated"
Info (12128): Elaborating entity "terminal_counter_8" for hierarchy "uartRX_DP:inst|terminal_counter_8:inst5"
Info (12128): Elaborating entity "CNT_8" for hierarchy "uartRX_DP:inst|CNT_8:inst3"
Info (12128): Elaborating entity "lpm_counter" for hierarchy "uartRX_DP:inst|CNT_8:inst3|lpm_counter:LPM_COUNTER_component"
Info (12130): Elaborated megafunction instantiation "uartRX_DP:inst|CNT_8:inst3|lpm_counter:LPM_COUNTER_component"
Info (12133): Instantiated megafunction "uartRX_DP:inst|CNT_8:inst3|lpm_counter:LPM_COUNTER_component" with the following parameter:
    Info (12134): Parameter "lpm_direction" = "UP"
    Info (12134): Parameter "lpm_port_updown" = "PORT_UNUSED"
    Info (12134): Parameter "lpm_type" = "LPM_COUNTER"
    Info (12134): Parameter "lpm_width" = "4"
Info (12021): Found 1 design units, including 1 entities, in source file db/cntr_3oi.tdf
    Info (12023): Found entity 1: cntr_3oi
Info (12128): Elaborating entity "cntr_3oi" for hierarchy "uartRX_DP:inst|CNT_8:inst3|lpm_counter:LPM_COUNTER_component|cntr_3oi:auto_generated"
Info (12128): Elaborating entity "terminal_counter_12" for hierarchy "uartRX_DP:inst|terminal_counter_12:inst6"
Info (12128): Elaborating entity "CNT_12" for hierarchy "uartRX_DP:inst|CNT_12:inst15"
Info (12128): Elaborating entity "lpm_counter" for hierarchy "uartRX_DP:inst|CNT_12:inst15|lpm_counter:LPM_COUNTER_component"
Warning (287001): Assertion warning: The data[] port is connected but aload or sload are not connected or are ground. This means the data will be ignored
Info (12130): Elaborated megafunction instantiation "uartRX_DP:inst|CNT_12:inst15|lpm_counter:LPM_COUNTER_component"
Info (12133): Instantiated megafunction "uartRX_DP:inst|CNT_12:inst15|lpm_counter:LPM_COUNTER_component" with the following parameter:
    Info (12134): Parameter "lpm_direction" = "UP"
    Info (12134): Parameter "lpm_port_updown" = "PORT_UNUSED"
    Info (12134): Parameter "lpm_type" = "LPM_COUNTER"
    Info (12134): Parameter "lpm_width" = "4"
Info (12021): Found 1 design units, including 1 entities, in source file db/cntr_gnj.tdf
    Info (12023): Found entity 1: cntr_gnj
Info (12128): Elaborating entity "cntr_gnj" for hierarchy "uartRX_DP:inst|CNT_12:inst15|lpm_counter:LPM_COUNTER_component|cntr_gnj:auto_generated"
Info (12128): Elaborating entity "DOUT_REG" for hierarchy "uartRX_DP:inst|DOUT_REG:inst9"
Info (16010): Generating hard_block partition "hard_block:auto_generated_inst"
Info (21057): Implemented 77 device resources after synthesis - the final resource count might be different
    Info (21058): Implemented 4 input pins
    Info (21059): Implemented 9 output pins
    Info (21061): Implemented 64 logic cells
Info: Quartus II 32-bit Analysis & Synthesis was successful. 0 errors, 2 warnings
    Info: Peak virtual memory: 355 megabytes
    Info: Processing ended: Wed Feb 13 13:28:15 2019
    Info: Elapsed time: 00:00:04
    Info: Total CPU time (on all processors): 00:00:04


